
Initial statistics: 48 variables; iteration 0; function evaluation 0; phase 1
Function value 9.0680640e+03; maximum gradient component mag 1.6389e+04
Var    Value     Gradient |Var    Value     Gradient |Var    Value     Gradient
  1 13.00000  6.20464e+03 |  2  0.00000  1.63888e+04 |  3  0.00000  1.28904e+04
  4  0.00000  1.60751e+04 |  5  0.00000  2.95228e+03 |  6  0.00000  3.50552e+02
  7  0.00000  6.75815e+03 |  8  0.00000  4.62565e+03 |  9  0.00000  6.88313e+03
 10  0.00000  2.57420e+03 | 11  0.00000 -2.77194e+03 | 12  0.00000 -5.34814e+03
 13  0.00000 -1.13102e+04 | 14  0.00000 -2.71160e+03 | 15  0.00000 -1.40896e+04
 16  0.00000 -2.71349e+02 | 17  0.00000  2.14884e+03 | 18  0.00000 -8.43014e+02
 19  0.00000 -2.61486e+03 | 20  0.00000 -1.16937e+02 | 21  0.00000  2.21029e+03
 22  0.00000 -3.18441e+03 | 23  0.00000 -1.55524e+03 | 24  0.00000 -4.18899e+03
 25  0.00000 -4.76705e+02 | 26  0.00000 -2.78864e+02 | 27  0.00000 -6.11103e+02
 28  0.00000  4.22775e+03 | 29  0.00000  1.06166e+03 | 30  0.00000  2.95163e+03
 31  0.00000  5.19334e+03 | 32  0.00000  1.92317e+03 | 33  0.00000 -2.18221e+03
 34  0.00000 -3.31486e+03 | 35  0.00000 -2.21609e+03 | 36  0.00000 -1.33842e+02
 37  0.00000 -1.51610e+03 | 38  0.00000 -5.11274e+03 | 39  0.00000 -1.79508e+03
 40  0.00000 -5.08704e+03 | 41  0.00000 -3.30831e+03 | 42  0.00000 -6.13610e+02
 43  0.00000  2.29733e+02 | 44  0.00000 -1.72697e+03 | 45  0.00000 -5.00372e+03
 46  0.00000 -1.58677e+03 | 47  0.00000 -3.58053e+03 | 48  0.00000 -1.89077e+03

Intermediate statistics: 48 variables; iteration 20; function evaluation 48; phase 1
Function value 3.7986600e+03; maximum gradient component mag -4.3346e+03
Var    Value     Gradient |Var    Value     Gradient |Var    Value     Gradient
  1 12.81270 -2.49779e+01 |  2 -0.08525  4.15696e+03 |  3 -0.07672  1.90266e+03
  4 -0.12339 -1.73299e+03 |  5 -0.02367 -2.53747e+02 |  6 -0.00909 -7.03657e+02
  7 -0.05583 -1.21523e+03 |  8 -0.03836 -7.92433e+02 |  9 -0.03424  2.04254e+03
 10 -0.02074 -2.98207e+02 | 11 -0.01168 -4.33456e+03 | 12  0.04002  6.89612e+02
 13  0.07712  1.23836e+02 | 14  0.01129 -1.01892e+03 | 15  0.09247 -5.51125e+02
 16  0.00492  3.64322e+02 | 17 -0.01574 -2.65897e+02 | 18  0.01164  7.85491e+02
 19  0.02658  1.22251e+03 | 20  0.00291  2.29140e+02 | 21 -0.01452 -1.54737e+01
 22  0.02820  9.20688e+02 | 23  0.01593  7.43615e+02 | 24  0.03611  1.10807e+03
 25  0.00391  5.58721e+01 | 26  0.00395  2.73514e+02 | 27  0.01027  8.91869e+02
 28 -0.03755 -1.34846e+03 | 29 -0.01595 -1.31211e+03 | 30 -0.02807 -1.20951e+03
 31 -0.03400  1.54517e+02 | 32 -0.01147  2.11428e+02 | 33  0.00509 -1.45092e+03
 34  0.01069 -1.76385e+03 | 35  0.01051 -7.00813e+02 | 36  0.00908  1.16154e+03
 37  0.01216  2.24962e+02 | 38  0.01819 -2.49392e+03 | 39  0.01792  7.67082e+02
 40  0.02783 -1.08235e+03 | 41  0.02236 -1.23103e+02 | 42  0.00588  1.40385e+02
 43  0.00367  6.51799e+02 | 44  0.01605  5.10287e+02 | 45  0.03411 -1.18524e+02
 46  0.01779  8.90599e+02 | 47  0.03019  7.20920e+02 | 48  0.02029  9.47331e+02
48 variables; iteration 40; function evaluation 92; phase 1
Function value 3.5245169e+03; maximum gradient component mag -2.3289e+01
Var    Value     Gradient |Var    Value     Gradient |Var    Value     Gradient
  1 12.81421 -4.12855e-01 |  2 -0.11378  2.10031e+01 |  3 -0.08968  1.18778e+01
  4 -0.11134 -9.14139e+00 |  5 -0.02189 -3.17916e-01 |  6 -0.00426 -3.34980e+00
  7 -0.04755 -6.02328e+00 |  8 -0.03293 -1.59122e+00 |  9 -0.04797  1.12097e+01
 10 -0.01864 -1.72599e+00 | 11  0.01764 -2.32895e+01 | 12  0.03542  1.65325e+00
 13  0.07628  1.15233e+00 | 14  0.01819 -7.53633e+00 | 15  0.09608 -2.12279e+00
 16  0.00255 -2.04712e+00 | 17 -0.01385 -5.74879e+00 | 18  0.00643  4.63210e+00
 19  0.01841  9.58803e+00 | 20  0.00142  1.67683e+00 | 21 -0.01435  3.55226e+00
 22  0.02206  6.32558e+00 | 23  0.01100  6.39539e+00 | 24  0.02874  3.69465e+00
 25  0.00355 -1.06964e+00 | 26  0.00214 -1.57488e-01 | 27  0.00436  6.81998e+00
 28 -0.02850 -8.30566e+00 | 29 -0.00711 -8.12387e+00 | 30 -0.01991 -6.29373e+00
 31 -0.03502  2.20800e+00 | 32 -0.01281  4.38848e+00 | 33  0.01496 -8.75989e+00
 34  0.02271 -8.68982e+00 | 35  0.01533 -6.83806e+00 | 36  0.00137  7.32369e+00
 37  0.01075  4.43693e-01 | 38  0.03512 -1.57427e+01 | 39  0.01283  1.81775e+00
 40  0.03522 -6.03025e+00 | 41  0.02327  1.47657e+00 | 42  0.00501  1.63031e-01
 43 -0.00066  2.68857e+00 | 44  0.01262  2.24439e+00 | 45  0.03490  2.37628e+00
 46  0.01180  6.94910e+00 | 47  0.02528  3.86383e+00 | 48  0.01386  3.29436e+00
48 variables; iteration 60; function evaluation 142; phase 1
Function value 3.5245080e+03; maximum gradient component mag 1.3175e-01
Var    Value     Gradient |Var    Value     Gradient |Var    Value     Gradient
  1 12.81423 -2.88607e-03 |  2 -0.11392  1.31748e-01 |  3 -0.08976  7.47430e-02
  4 -0.11128 -5.37882e-02 |  5 -0.02189 -6.30644e-03 |  6 -0.00423  2.08755e-02
  7 -0.04751 -6.08675e-02 |  8 -0.03292 -6.53593e-02 |  9 -0.04805  8.26552e-02
 10 -0.01863 -8.90684e-03 | 11  0.01780 -8.97420e-02 | 12  0.03541 -7.20478e-03
 13  0.07627  1.46589e-02 | 14  0.01824 -6.34719e-02 | 15  0.09609 -5.87475e-03
 16  0.00256 -1.02230e-01 | 17 -0.01381  2.91071e-02 | 18  0.00640  3.52962e-02
 19  0.01834  6.69699e-02 | 20  0.00141  1.59772e-02 | 21 -0.01438 -1.04352e-02
 22  0.02202  5.93311e-02 | 23  0.01095  6.61667e-02 | 24  0.02871  1.22475e-02
 25  0.00355 -2.42187e-02 | 26  0.00214  3.39707e-02 | 27  0.00432  2.45599e-02
 28 -0.02845 -6.46079e-02 | 29 -0.00706 -7.89838e-02 | 30 -0.01987 -4.21638e-02
 31 -0.03503  4.82400e-02 | 32 -0.01284  3.62200e-02 | 33  0.01502 -4.63119e-02
 34  0.02277 -9.70776e-02 | 35  0.01538 -6.20897e-03 | 36  0.00132  1.75125e-02
 37  0.01074  2.58610e-02 | 38  0.03523 -1.05935e-01 | 39  0.01282  1.94688e-03
 40  0.03526 -5.08800e-02 | 41  0.02326 -2.31737e-02 | 42  0.00501  4.09573e-02
 43 -0.00068  7.08520e-02 | 44  0.01261 -2.62105e-02 | 45  0.03488  1.85617e-02
 46  0.01175  1.33156e-02 | 47  0.02526  1.91995e-02 | 48  0.01383  5.46592e-02

 - final statistics:
48 variables; iteration 71; function evaluation 168
Function value 3.5245e+03; maximum gradient component mag 4.6903e-10
Exit code = 1;  converg criter 1.0000e-03
Var    Value     Gradient |Var    Value     Gradient |Var    Value     Gradient
  1 12.81423 -2.14558e-10 |  2 -0.11392  4.69027e-10 |  3 -0.08977  1.81711e-10
  4 -0.11128  1.01034e-10 |  5 -0.02189  1.47963e-11 |  6 -0.00423 -4.54104e-12
  7 -0.04751  4.16036e-11 |  8 -0.03292  7.15753e-11 |  9 -0.04805  1.35322e-10
 10 -0.01863  4.38905e-11 | 11  0.01780 -2.66944e-11 | 12  0.03541  1.13052e-12
 13  0.07627  1.74387e-11 | 14  0.01824  4.19732e-11 | 15  0.09609 -2.77131e-11
 16  0.00256  3.90240e-11 | 17 -0.01381  3.76504e-11 | 18  0.00640 -7.03510e-11
 19  0.01834 -3.55836e-11 | 20  0.00141 -1.82153e-11 | 21 -0.01438 -9.77041e-12
 22  0.02202 -4.26545e-11 | 23  0.01095  1.50456e-11 | 24  0.02871 -2.52543e-11
 25  0.00355 -3.39639e-11 | 26  0.00214  2.67236e-11 | 27  0.00432  1.31415e-11
 28 -0.02845 -2.91024e-11 | 29 -0.00706 -5.82653e-11 | 30 -0.01987 -1.37272e-11
 31 -0.03503  4.87233e-11 | 32 -0.01284  1.90634e-11 | 33  0.01502  2.49946e-11
 34  0.02277 -8.90185e-11 | 35  0.01538 -5.98208e-11 | 36  0.00132 -3.12926e-11
 37  0.01074 -1.61975e-12 | 38  0.03523 -8.11461e-11 | 39  0.01282 -1.17384e-11
 40  0.03526  6.13802e-12 | 41  0.02326 -2.38115e-11 | 42  0.00501 -4.02207e-11
 43 -0.00068 -9.31989e-11 | 44  0.01261 -1.46813e-11 | 45  0.03488 -4.18785e-11
 46  0.01175 -1.78120e-11 | 47  0.02526  8.91489e-13 | 48  0.01383  1.39826e-11

Initial statistics: 125 variables; iteration 0; function evaluation 0; phase 2
Function value 8.0635383e+03; maximum gradient component mag -4.9465e+03
Var    Value     Gradient |Var    Value     Gradient |Var    Value     Gradient
  1 12.81423 -7.01360e-01 |  2  0.00000 -2.58039e+01 |  3  0.00000 -1.51470e+00
  4  0.00000  2.39811e+00 |  5  0.00000  9.69792e+00 |  6  0.00000  2.08583e+01
  7  0.00000  3.83454e+01 |  8  0.00000  6.01525e+01 |  9  0.00000  9.23028e+01
 10  0.00000  1.24798e+02 | 11  0.00000  1.73620e+02 | 12  0.00000  2.28908e+02
 13  0.00000  2.81085e+02 | 14  0.00000  3.49382e+02 | 15  0.00000  4.30552e+02
 16  0.00000  4.82148e+02 | 17  0.00000  4.74054e+02 | 18  0.00000  5.11120e+02
 19  0.00000  3.02722e+01 | 20  0.00000 -3.23618e+02 | 21  0.00000 -5.00110e+02
 22  0.00000 -1.20677e+02 | 23  0.00000  4.72192e+01 | 24  0.00000 -9.63330e+01
 25  0.00000 -2.91592e+02 | 26  0.00000 -1.30942e+03 | 27  0.00000 -6.77059e+02
 28  0.00000 -4.10680e+02 | 29  0.00000 -3.36056e+02 | 30  0.00000  4.65740e+02
 31  0.00000  3.61723e+02 | 32  0.00000  8.54978e+01 | 33  0.00000 -3.64431e+02
 34  0.00000  1.43232e+03 | 35  0.00000  1.30680e+03 | 36  0.00000 -1.06975e+02
 37  0.00000  9.80823e+02 | 38  0.00000  2.09939e+02 | 39  0.00000 -1.28273e+03
 40  0.00000  4.02618e+02 | 41  0.00000 -9.48285e+02 | 42  0.00000 -3.40818e+02
 43  0.00000 -1.71275e+03 | 44  0.00000 -5.06754e+02 | 45  0.00000 -3.42393e+02
 46  0.00000  1.61197e+03 | 47  0.00000  1.45510e+03 | 48  0.00000  1.42341e+03
 49  0.00000  9.43676e+02 | 50  0.00000  2.90569e+02 | 51  0.00000 -1.35324e+01
 52  0.00000 -2.72962e+02 | 53  0.00000 -2.77771e+03 | 54  0.00000 -3.69614e+03
 55  0.00000  2.63098e+02 | 56  0.00000 -5.28886e+02 | 57  0.00000 -2.67321e+02
 58  0.00000  1.11909e+03 | 59  0.00000  6.14150e+02 | 60  0.00000  1.01422e+03
 61  0.00000 -6.20444e+02 | 62  0.00000  3.50760e+02 | 63  0.00000  5.26886e+02
 64  0.00000  1.90526e+02 | 65  0.00000  2.01256e+02 | 66  0.00000 -5.35978e+02
 67  0.00000 -8.85981e+01 | 68  0.00000 -8.37345e+01 | 69  0.00000 -2.37744e+01
 70 -5.00000 -4.94652e+03 | 71 -0.11392  2.06623e+01 | 72 -0.08977  1.75938e+01
 73 -0.11128  2.02251e+01 | 74 -0.02189 -7.25124e-01 | 75 -0.00423 -9.11700e+00
 76 -0.04751  8.97026e+00 | 77 -0.03292  4.36548e+00 | 78 -0.04805  9.96393e+00
 79 -0.01863  1.74748e+00 | 80  0.01780 -1.46091e+01 | 81  0.03541 -2.60625e+01
 82  0.07627 -7.17766e+01 | 83  0.01824 -1.27307e+01 | 84  0.09609 -1.11910e+02
 85  0.00256 -6.53876e+00 | 86 -0.01381  5.42932e-01 | 87  0.00640 -1.10139e+01
 88  0.01834 -1.98893e+01 | 89  0.00141 -9.31622e+00 | 90 -0.01438 -5.72506e-01
 91  0.02202 -2.16414e+01 | 92  0.01095 -1.18265e+01 | 93  0.02871 -2.27803e+01
 94  0.00355 -5.42656e+00 | 95  0.00214 -4.12926e+00 | 96  0.00432 -5.65150e+00
 97 -0.02845  7.53944e+00 | 98 -0.00706 -1.25040e+00 | 99 -0.01987  3.24575e+00
100 -0.03503  8.95288e+00 |101 -0.01284  3.46958e+00 |102  0.01502 -6.17132e+00
103  0.02277 -4.31228e+00 |104  0.01538  4.93280e+00 |105  0.00132  1.29245e+01
106  0.01074  1.43989e+01 |107  0.03523  1.21267e+01 |108  0.01282  1.96711e+01
109  0.03526  2.03622e+01 |110  0.02326  2.23365e+01 |111  0.00501  2.33831e+01
112 -0.00068  2.30431e+01 |113  0.01261  2.18394e+01 |114  0.03488  2.06157e+01
115  0.01175  2.45266e+01 |116  0.02526  2.44935e+01 |117  0.01383  2.63813e+01
118 -0.68165 -1.91018e+03 |119 -0.28197  9.19071e+02 |120 -0.68165 -4.74250e+02
121 -0.27360  1.88316e+03 |122 -0.68165  2.84220e+02 |123  0.17585 -9.01376e+02
124 -0.68165  4.60503e+02 |125  0.17585  1.71222e+02 |

Intermediate statistics: 125 variables; iteration 20; function evaluation 25; phase 2
Function value 4.5480357e+03; maximum gradient component mag -4.4958e+03
Var    Value     Gradient |Var    Value     Gradient |Var    Value     Gradient
  1 11.60602 -1.15870e+03 |  2 -0.06178  1.23110e+03 |  3  0.01855  1.24964e+03
  4  0.02074  1.41028e+03 |  5  0.01926  1.49414e+03 |  6  0.01476  1.49465e+03
  7  0.00713  1.40987e+03 |  8 -0.00153  1.29662e+03 |  9 -0.01093  1.17643e+03
 10 -0.01676  1.11891e+03 | 11 -0.02099  1.09291e+03 | 12 -0.02296  1.10190e+03
 13 -0.02373  1.12203e+03 | 14 -0.02390  1.14503e+03 | 15 -0.02360  1.16681e+03
 16 -0.02194  1.17322e+03 | 17 -0.02181  1.08819e+03 | 18 -0.02102  1.06351e+03
 19  0.00943  1.37553e+03 | 20  0.04336  2.72075e+03 | 21  0.05485  3.13644e+03
 22  0.02510  1.15918e+03 | 23 -0.01426  1.62622e+02 | 24 -0.00774 -7.01421e+00
 25  0.03861  3.24251e+02 | 26 -0.01617 -1.06238e+03 | 27  0.04873  2.77827e+02
 28  0.00920 -5.19047e+02 | 29  0.00306 -9.55230e+02 | 30  0.00645 -3.36355e+02
 31  0.01362 -2.57815e+02 | 32  0.00977 -6.79027e+02 | 33  0.01708 -8.70695e+02
 34  0.00377  3.36414e+02 | 35  0.00836  2.86975e+02 | 36  0.01494 -9.37631e+02
 37  0.00082 -4.16807e+02 | 38  0.00448 -1.18603e+03 | 39  0.01471 -2.60971e+03
 40 -0.01319 -1.57744e+03 | 41  0.01405 -2.79545e+03 | 42 -0.02264 -2.60377e+03
 43 -0.00301 -3.98608e+03 | 44 -0.01123 -2.86153e+03 | 45 -0.00044 -2.54240e+03
 46  0.00293 -4.30665e+02 | 47  0.00450 -4.37657e+02 | 48  0.00322 -4.13033e+02
 49  0.00050 -8.62120e+02 | 50 -0.00294 -1.37741e+03 | 51 -0.00399 -1.43378e+03
 52 -0.00261 -1.38898e+03 | 53 -0.00504 -3.77147e+03 | 54 -0.00617 -4.49582e+03
 55  0.00359  2.01086e+02 | 56  0.00565 -2.15380e+02 | 57  0.00283  1.37602e+02
 58  0.00466  1.90901e+03 | 59  0.00524  1.64806e+03 | 60  0.00717  2.28030e+03
 61 -0.02140 -6.75994e+02 | 62 -0.00116  1.11772e+03 | 63 -0.00422  1.13510e+03
 64 -0.00463  6.77228e+02 | 65 -0.02291  3.89055e+02 | 66  0.02410  2.72535e+02
 67  0.00973  3.53706e+02 | 68  0.01714  3.54372e+02 | 69 -0.07926  3.02024e+02
 70 -3.55138 -1.30270e+03 | 71 -0.08824  1.33790e+03 | 72 -0.06379  1.82366e+03
 73 -0.08636  2.27886e+03 | 74  0.00007  2.37100e+03 | 75  0.01448  2.35241e+03
 76 -0.03234  2.35475e+03 | 77 -0.02356  1.93388e+03 | 78 -0.04454  1.49149e+03
 79 -0.02110  1.00636e+03 | 80  0.01086  6.46057e+02 | 81  0.02692  5.72124e+02
 82  0.06305 -5.91169e+01 | 83  0.01241  8.60985e+02 | 84  0.08427  1.01492e+02
 85 -0.00477  2.68488e+02 | 86 -0.02133  2.71730e+02 | 87 -0.00170  2.47379e+02
 88  0.00996  2.09165e+02 | 89 -0.00691  1.32736e+02 | 90 -0.02288  3.87769e+01
 91  0.01437  2.05845e+02 | 92  0.00373  1.10248e+02 | 93  0.02362  3.94264e+02
 94 -0.00229 -2.20194e+01 | 95 -0.00335 -1.22763e+02 | 96 -0.00107 -2.58889e+02
 97 -0.03444 -6.62115e+02 | 98 -0.01465 -9.36116e+02 | 99 -0.02839 -1.25132e+03
100 -0.04456 -1.52798e+03 |101 -0.02427 -1.80758e+03 |102  0.00210 -2.01843e+03
103  0.01062 -2.02327e+03 |104  0.00535 -1.91502e+03 |105 -0.00674 -1.83022e+03
106  0.00459 -1.63419e+03 |107  0.03183 -1.27156e+03 |108  0.00943 -1.54550e+03
109  0.03487 -1.15097e+03 |110  0.02360 -1.25419e+03 |111  0.00628 -1.24490e+03
112  0.00310 -9.25839e+02 |113  0.01968 -5.20390e+02 |114  0.04623 -9.93182e+01
115  0.02884  5.92842e+02 |116  0.04435  7.24808e+02 |117  0.03511  9.46456e+02
118 -0.70829 -1.18829e+03 |119  0.06740  3.83098e+02 |120 -0.44202  8.58817e+01
121 -0.36728  1.54414e+02 |122 -0.69220 -5.32011e+02 |123  0.13749  4.84526e+02
124 -0.33850  2.25117e+02 |125 -0.20678 -3.64890e+02 |
125 variables; iteration 40; function evaluation 49; phase 2
Function value 4.4736890e+03; maximum gradient component mag -4.5932e+03
Var    Value     Gradient |Var    Value     Gradient |Var    Value     Gradient
  1 11.54683 -9.99374e+02 |  2 -0.06565  1.21207e+03 |  3  0.01152  1.16399e+03
  4  0.01231  1.28424e+03 |  5  0.01054  1.35158e+03 |  6  0.00638  1.35562e+03
  7 -0.00024  1.29566e+03 |  8 -0.00722  1.22011e+03 |  9 -0.01414  1.14674e+03
 10 -0.01814  1.11831e+03 | 11 -0.02097  1.11120e+03 | 12 -0.02234  1.12340e+03
 13 -0.02276  1.14118e+03 | 14 -0.02263  1.15700e+03 | 15 -0.02155  1.17905e+03
 16 -0.01788  1.21201e+03 | 17 -0.01352  1.19335e+03 | 18 -0.01034  1.18588e+03
 19  0.00880  1.13970e+03 | 20  0.04406  2.23797e+03 | 21  0.05876  2.68003e+03
 22  0.02399  7.12658e+02 | 23 -0.00672  2.52712e+01 | 24 -0.08674 -1.90381e+02
 25  0.04559 -6.79003e+01 | 26 -0.00697 -1.18960e+03 | 27  0.04180 -1.76635e+02
 28  0.01635 -4.48028e+02 | 29  0.01082 -7.68993e+02 | 30  0.01297 -8.34357e+01
 31  0.01749 -6.13579e+01 | 32  0.01723 -3.78451e+02 | 33  0.01762 -8.57356e+02
 34  0.00532  3.60625e+02 | 35  0.00990  3.30472e+02 | 36  0.01563 -9.01738e+02
 37 -0.00045 -4.39575e+02 | 38  0.00203 -1.19516e+03 | 39  0.01128 -2.59716e+03
 40 -0.01309 -1.50564e+03 | 41  0.01734 -2.51997e+03 | 42 -0.04067 -2.51326e+03
 43  0.00493 -3.73098e+03 | 44 -0.01047 -2.70582e+03 | 45  0.00071 -2.34319e+03
 46  0.00175 -2.76192e+02 | 47  0.00346 -2.81160e+02 | 48 -0.00002 -3.74625e+02
 49 -0.00328 -8.74008e+02 | 50 -0.00608 -1.38242e+03 | 51 -0.00643 -1.41975e+03
 52 -0.00383 -1.32609e+03 | 53 -0.00825 -3.80044e+03 | 54 -0.01167 -4.59317e+03
 55  0.00168  2.82875e+02 | 56  0.00448 -4.84049e+01 | 57  0.00364  4.35524e+02
 58  0.00260  2.02077e+03 | 59  0.00194  1.64884e+03 | 60 -0.00008  2.01111e+03
 61 -0.00824 -6.34218e+01 | 62 -0.01042  8.78848e+02 | 63 -0.00491  1.23861e+03
 64 -0.00456  7.97298e+02 | 65 -0.01700  5.09357e+02 | 66  0.02710  5.37294e+02
 67  0.02241  5.82487e+02 | 68  0.04396  5.91388e+02 | 69 -0.02494  3.38820e+02
 70 -3.36399 -1.15240e+03 | 71 -0.08706  1.18576e+03 | 72 -0.06038  1.99828e+03
 73 -0.08224  2.48876e+03 | 74  0.00397  2.50281e+03 | 75  0.01556  2.10999e+03
 76 -0.03257  2.01224e+03 | 77 -0.02464  1.57397e+03 | 78 -0.04507  1.28046e+03
 79 -0.02002  1.07509e+03 | 80  0.01319  9.43793e+02 | 81  0.02805  7.53988e+02
 82  0.06648  5.87919e+02 | 83  0.01103  7.64209e+02 | 84  0.08316  2.54932e+02
 85 -0.00619  2.56948e+02 | 86 -0.02428  8.81690e+01 | 87 -0.00485  1.05668e+02
 88  0.00672  1.09334e+02 | 89 -0.01154 -1.65256e+02 | 90 -0.02789 -3.06753e+02
 91  0.00875 -2.14477e+02 | 92 -0.00151 -2.73264e+02 | 93  0.01688 -2.36740e+02
 94 -0.00581 -1.71019e+02 | 95 -0.00590 -1.27869e+02 | 96 -0.00258 -1.09526e+02
 97 -0.03425 -2.63147e+02 | 98 -0.01347 -3.97955e+02 | 99 -0.02687 -7.08162e+02
100 -0.04354 -1.11640e+03 |101 -0.02236 -1.29474e+03 |102  0.00419 -1.49582e+03
103  0.01198 -1.65746e+03 |104  0.00509 -1.87220e+03 |105 -0.00834 -2.06707e+03
106  0.00242 -2.00436e+03 |107  0.03036 -1.57407e+03 |108  0.00854 -1.86695e+03
109  0.03419 -1.50179e+03 |110  0.02587 -1.25564e+03 |111  0.01265 -7.15142e+02
112  0.00974 -4.08830e+02 |113  0.02214 -6.42548e+02 |114  0.04462 -8.21303e+02
115  0.02922  1.59954e+02 |116  0.04931  9.83603e+02 |117  0.03952  1.19238e+03
118 -0.74063 -1.20134e+03 |119  0.19610  4.55254e+02 |120 -0.61016 -2.64588e+02
121 -0.28118 -7.92506e+01 |122 -0.59965 -1.10489e+03 |123 -0.11925 -5.97310e+02
124 -0.27405  1.86047e+02 |125 -0.24878 -3.58502e+02 |
125 variables; iteration 60; function evaluation 73; phase 2
Function value 3.7093198e+03; maximum gradient component mag -1.4770e+03
Var    Value     Gradient |Var    Value     Gradient |Var    Value     Gradient
  1 11.54862 -1.31393e+02 |  2 -0.07444  1.88129e+02 |  3  0.03144  4.61809e+02
  4  0.02358  4.27747e+02 |  5  0.01632  3.99575e+02 |  6  0.01073  3.83785e+02
  7  0.00486  3.65372e+02 |  8  0.00155  3.60143e+02 |  9 -0.00459  3.33318e+02
 10 -0.01392  2.68142e+02 | 11 -0.02852  1.84802e+02 | 12 -0.03745  1.42399e+02
 13 -0.04124  1.22866e+02 | 14 -0.04418  1.06302e+02 | 15 -0.04723  8.73483e+01
 16 -0.04356  6.75526e+01 | 17 -0.02649  5.61673e+01 | 18 -0.02568  4.33656e+01
 19  0.00830 -2.09072e+02 | 20  0.03406 -1.95892e+02 | 21  0.04908  4.99741e+01
 22  0.02850 -8.51264e+01 | 23 -0.03581 -5.20610e+02 | 24  0.01636 -3.63376e+02
 25  0.02842 -4.23518e+02 | 26  0.00422 -1.47698e+03 | 27  0.02052 -6.26270e+02
 28  0.01517 -2.81979e+02 | 29  0.02554  3.99566e+02 | 30  0.01022  4.17896e+02
 31  0.01140  3.04105e+02 | 32  0.00854 -1.84766e+02 | 33  0.01352 -4.26316e+02
 34 -0.02362 -2.85540e+02 | 35 -0.01283 -1.23632e+02 | 36  0.01032 -2.58499e+02
 37 -0.00746 -5.95613e+01 | 38  0.00028 -3.78454e+02 | 39  0.01834 -6.61258e+02
 40 -0.01704 -8.53333e+02 | 41  0.01638 -1.84022e+02 | 42  0.02273  1.27428e+03
 43  0.01926 -3.96566e+02 | 44  0.00076 -8.46205e+02 | 45  0.00984 -1.62801e+02
 46 -0.02156 -2.50488e+02 | 47 -0.01788 -3.62851e+02 | 48 -0.01744 -3.36169e+02
 49 -0.01107 -3.15338e+02 | 50 -0.00276 -1.43212e+02 | 51 -0.00074 -3.16705e+01
 52  0.00224  1.90899e+02 | 53  0.02249  1.80786e+02 | 54  0.02598 -1.86114e+02
 55 -0.00627  4.31866e+02 | 56  0.00555  5.11171e+02 | 57 -0.01387 -5.71885e+02
 58 -0.01948  5.60030e+02 | 59 -0.01285  4.45639e+02 | 60 -0.03223  1.83300e+02
 61 -0.01977 -9.42605e+02 | 62 -0.01815  1.67659e+02 | 63 -0.01434  4.80347e+02
 64 -0.00056  4.22496e+02 | 65 -0.00754  2.03703e+02 | 66  0.01355 -3.14023e+02
 67  0.02075  1.31702e+02 | 68  0.01252  1.12163e+02 | 69  0.13402  1.31887e+03
 70 -3.27438 -4.00557e+02 | 71 -0.09279  8.94903e+02 | 72 -0.07400  3.64712e+02
 73 -0.09839  3.47360e+02 | 74 -0.01217  3.89388e+02 | 75  0.00253  4.38224e+02
 76 -0.04604  1.48681e+02 | 77 -0.03422  2.11644e+02 | 78 -0.05245  1.78010e+02
 79 -0.02651  5.85989e+01 | 80  0.00758 -8.41560e+00 | 81  0.02375 -8.90498e+01
 82  0.06300 -3.24613e+02 | 83  0.00757 -2.84848e+01 | 84  0.08526 -1.82444e+02
 85 -0.00344  2.27583e+02 | 86 -0.01951  3.27310e+02 | 87  0.00034  2.82342e+02
 88  0.01188  1.28828e+02 | 89 -0.00317  2.69454e+02 | 90 -0.01883  1.91067e+02
 91  0.01717  6.19710e+01 | 92  0.00598 -9.51053e+01 | 93  0.02451 -4.90251e+01
 94 -0.00237 -4.03971e+02 | 95 -0.00412 -4.19540e+02 | 96 -0.00263 -4.71647e+02
 97 -0.03531 -4.11315e+02 | 98 -0.01457 -4.55537e+02 | 99 -0.02660 -3.79989e+02
100 -0.04103 -3.34997e+02 |101 -0.01785 -2.79479e+02 |102  0.00873 -6.30254e+02
103  0.01866 -5.35479e+02 |104  0.01273 -5.25015e+02 |105  0.00174 -1.92594e+02
106  0.01169 -1.57572e+02 |107  0.03376 -5.97073e+02 |108  0.01589 -6.72569e+00
109  0.03692 -3.47571e+02 |110  0.02813 -9.34245e+01 |111  0.01067 -1.77235e+02
112  0.01102  4.92901e+02 |113  0.02401  1.48135e+02 |114  0.05283  6.49134e+02
115  0.03178  5.69037e+02 |116  0.04737  7.21136e+02 |117  0.03328  4.24833e+02
118 -0.75361 -9.48428e+02 |119  0.16917  2.02979e+02 |120 -0.47596  2.87414e+02
121 -0.30367  4.99960e+02 |122 -0.57602 -7.06720e+02 |123 -0.05307 -2.43906e+01
124 -0.42241 -6.60124e+01 |125 -0.17242 -9.34741e+01 |
125 variables; iteration 80; function evaluation 97; phase 2
Function value 3.6036881e+03; maximum gradient component mag 1.4984e+03
Var    Value     Gradient |Var    Value     Gradient |Var    Value     Gradient
  1 11.49422  3.87308e+02 |  2 -0.05698  3.66208e+02 |  3  0.02735  4.60882e+02
  4  0.02224  4.52025e+02 |  5  0.01786  4.52294e+02 |  6  0.01319  4.43455e+02
  7  0.00206  3.45626e+02 |  8 -0.00603  2.84168e+02 |  9 -0.01522  2.18749e+02
 10 -0.02494  1.40271e+02 | 11 -0.03169  9.83495e+01 | 12 -0.02667  1.47503e+02
 13 -0.04226  2.95029e+01 | 14 -0.06501 -9.11913e+01 | 15 -0.08231 -1.57088e+02
 16 -0.07647 -1.62284e+02 | 17 -0.03652 -6.49810e+01 | 18 -0.01575  6.67734e+01
 19  0.01407 -2.74036e+01 | 20  0.03834  2.25562e+02 | 21  0.05040  5.88377e+02
 22  0.03125  2.18590e+02 | 23 -0.00545 -3.87846e+02 | 24  0.01940 -2.06974e+02
 25  0.02534 -2.88535e+02 | 26  0.01178 -1.37289e+03 | 27  0.02717 -3.81957e+02
 28  0.01776 -2.35775e+02 | 29  0.02237  1.07142e+02 | 30  0.01381  4.69147e+02
 31  0.01701  5.44575e+02 | 32  0.01279 -4.84743e+01 | 33  0.01489 -4.71271e+02
 34 -0.02387 -4.59331e+02 | 35 -0.01581 -3.88001e+02 | 36  0.01799  1.90780e+02
 37 -0.01093 -3.31919e+02 | 38  0.00594 -1.46022e+02 | 39  0.02292 -2.79014e+02
 40 -0.00134 -2.87217e+02 | 41  0.01683 -2.97147e+02 | 42  0.01614  4.34244e+02
 43  0.02625  2.13143e+02 | 44  0.01067 -2.42810e+02 | 45  0.00947 -3.52165e+02
 46 -0.02502 -5.60561e+02 | 47 -0.01624 -4.78097e+02 | 48 -0.01519 -4.14218e+02
 49 -0.01017 -4.55851e+02 | 50  0.00289  1.17124e+02 | 51 -0.00216 -3.38854e+02
 52  0.00513  2.71399e+02 | 53  0.02784  8.28465e+02 | 54  0.03094  4.33197e+02
 55 -0.00137  5.94065e+02 | 56  0.00615  3.38629e+02 | 57 -0.01123 -6.62091e+02
 58 -0.02116  2.53275e+02 | 59 -0.01133  2.73063e+02 | 60 -0.03500 -1.05765e+02
 61 -0.01669 -1.04501e+03 | 62 -0.01495  7.27450e+01 | 63 -0.01400  3.05872e+02
 64 -0.00170  2.23785e+02 | 65 -0.00107  1.54661e+02 | 66  0.02913 -2.21528e+02
 67  0.00224 -2.06984e+02 | 68  0.00278 -1.55362e+02 | 69  0.09811  3.17809e+02
 70 -3.29534 -2.97332e+01 | 71 -0.08204  1.49837e+03 | 72 -0.06530  7.13464e+02
 73 -0.09439  1.35967e+02 | 74 -0.00746  4.11356e+02 | 75  0.00819  7.31903e+02
 76 -0.04281  2.41872e+02 | 77 -0.03228  2.46820e+02 | 78 -0.05192  1.25172e+02
 79 -0.02652  7.44459e+00 | 80  0.00731 -5.13083e+01 | 81  0.02353 -9.29189e+01
 82  0.06335 -2.75238e+02 | 83  0.00788  8.67604e+01 | 84  0.08543 -1.72454e+02
 85 -0.00482  1.07240e+02 | 86 -0.02029  3.09931e+02 | 87 -0.00061  2.30072e+02
 88  0.01075  3.86912e+01 | 89 -0.00450  1.57233e+02 | 90 -0.02038  5.80212e+01
 91  0.01624  6.10812e+00 | 92  0.00598  1.32549e+01 | 93  0.02385 -3.22863e+01
 94 -0.00317 -3.60190e+02 | 95 -0.00573 -4.72049e+02 | 96 -0.00374 -4.29899e+02
 97 -0.03735 -4.76183e+02 | 98 -0.01687 -5.57957e+02 | 99 -0.02904 -4.96496e+02
100 -0.04447 -6.04156e+02 |101 -0.01957 -3.27045e+02 |102  0.00793 -5.83478e+02
103  0.01746 -5.78029e+02 |104  0.01176 -5.43445e+02 |105  0.00040 -2.56843e+02
106  0.01023 -2.30079e+02 |107  0.03383 -4.40980e+02 |108  0.01425 -5.51111e+01
109  0.03777 -3.41966e+01 |110  0.02671 -8.54901e+01 |111  0.01034  5.25321e+00
112  0.00912  4.39917e+02 |113  0.02335  2.55220e+02 |114  0.05027  4.47307e+02
115  0.02995  4.45346e+02 |116  0.04582  4.66120e+02 |117  0.03428  2.79015e+02
118 -0.69953 -5.47965e+02 |119  0.11397  1.28565e+02 |120 -0.47334  1.86937e+02
121 -0.32385  3.46105e+01 |122 -0.57922 -6.40290e+02 |123 -0.05809 -5.29528e+01
124 -0.40379  5.21069e+01 |125 -0.18321 -7.59190e+01 |
125 variables; iteration 100; function evaluation 121; phase 2
Function value 3.5782879e+03; maximum gradient component mag 1.4841e+03
Var    Value     Gradient |Var    Value     Gradient |Var    Value     Gradient
  1 11.48757  4.03833e+02 |  2 -0.05250  4.48434e+02 |  3  0.03640  6.22898e+02
  4  0.02008  4.33009e+02 |  5  0.01189  3.80525e+02 |  6  0.00725  3.72430e+02
  7  0.00500  3.95251e+02 |  8 -0.00024  3.66145e+02 |  9 -0.00895  2.97102e+02
 10 -0.01702  2.24618e+02 | 11 -0.04349  2.15147e+01 | 12 -0.03978  5.31424e+01
 13 -0.03684  7.56710e+01 | 14 -0.06384 -8.31907e+01 | 15 -0.09771 -1.98144e+02
 16 -0.06202 -1.10138e+02 | 17 -0.02713  1.03901e+01 | 18 -0.02544  1.32607e+00
 19  0.01962  1.09908e+02 | 20  0.03865  2.70801e+02 | 21  0.05106  6.33400e+02
 22  0.02939  1.63016e+02 | 23 -0.00920 -4.25158e+02 | 24  0.01994 -1.64020e+02
 25  0.02851 -1.46926e+02 | 26  0.01651 -1.24695e+03 | 27  0.02789 -3.24745e+02
 28  0.01354 -4.07546e+02 | 29  0.02287  4.59737e+01 | 30  0.01052  2.23302e+02
 31  0.01412  3.01505e+02 | 32  0.01316 -4.44121e+01 | 33  0.01520 -4.38397e+02
 34 -0.02216 -4.10802e+02 | 35 -0.01693 -4.20482e+02 | 36  0.01674  1.08414e+02
 37 -0.00920 -2.45860e+02 | 38  0.00610 -1.06765e+02 | 39  0.02318 -2.09273e+02
 40 -0.00350 -3.79405e+02 | 41  0.01789 -1.67702e+02 | 42  0.01510  3.81678e+02
 43  0.02645  2.98310e+02 | 44  0.01225 -5.50032e+01 | 45  0.01002 -2.57007e+02
 46 -0.02413 -5.13308e+02 | 47 -0.01513 -4.19670e+02 | 48 -0.01786 -5.57746e+02
 49 -0.01089 -5.17412e+02 | 50  0.00051 -1.01042e+02 | 51 -0.00135 -2.84313e+02
 52  0.00550  3.02013e+02 | 53  0.02731  7.37593e+02 | 54  0.03142  5.14954e+02
 55 -0.00275  4.87434e+02 | 56  0.00521  2.59883e+02 | 57 -0.01127 -6.61906e+02
 58 -0.02255  2.03039e+02 | 59 -0.01239  2.39953e+02 | 60 -0.03602 -1.13970e+02
 61 -0.01141 -8.00289e+02 | 62 -0.01448  1.20009e+02 | 63 -0.01300  3.44297e+02
 64 -0.00726  8.07714e+01 | 65 -0.00912  6.52978e+00 | 66  0.02727 -2.62286e+02
 67 -0.01144 -2.26562e+02 | 68  0.03604 -7.38985e+01 | 69  0.09054  2.52957e+02
 70 -3.29861  3.09613e+00 | 71 -0.08309  1.48408e+03 | 72 -0.06536  8.19718e+02
 73 -0.09411  2.79907e+02 | 74 -0.00795  4.45679e+02 | 75  0.00620  5.56216e+02
 76 -0.04376  2.32588e+02 | 77 -0.03380  1.63549e+02 | 78 -0.05296  1.24373e+02
 79 -0.02741  3.49040e+01 | 80  0.00669  1.53088e+01 | 81  0.02218 -1.41445e+02
 82  0.06233 -2.87973e+02 | 83  0.00602 -7.33786e+01 | 84  0.08495 -1.58984e+02
 85 -0.00455  2.06745e+02 | 86 -0.02128  2.01634e+02 | 87 -0.00090  2.07618e+02
 88  0.01019 -4.28929e+01 | 89 -0.00402  2.08985e+02 | 90 -0.02020  4.79702e+01
 91  0.01621 -5.07959e+01 | 92  0.00663  4.63648e+01 | 93  0.02449 -1.01730e+01
 94 -0.00159 -1.99152e+02 | 95 -0.00537 -4.87372e+02 | 96 -0.00497 -6.72810e+02
 97 -0.03733 -5.14729e+02 | 98 -0.01597 -4.51898e+02 | 99 -0.02889 -4.86984e+02
100 -0.04313 -4.13471e+02 |101 -0.01926 -2.92045e+02 |102  0.00890 -4.63798e+02
103  0.01810 -5.25552e+02 |104  0.01246 -5.04417e+02 |105  0.00132 -2.01291e+02
106  0.01108 -1.90221e+02 |107  0.03445 -4.27801e+02 |108  0.01503 -1.79357e+01
109  0.03668 -2.54703e+02 |110  0.02663 -1.58099e+02 |111  0.01015 -8.46539e+01
112  0.00910  3.69376e+02 |113  0.02340  1.84786e+02 |114  0.05180  5.70982e+02
115  0.03093  4.71961e+02 |116  0.04679  4.51825e+02 |117  0.03568  2.67548e+02
118 -0.67837 -4.24867e+02 |119  0.10047  1.56448e+02 |120 -0.46998  2.03471e+02
121 -0.32251  4.81685e+01 |122 -0.58409 -6.75829e+02 |123 -0.05745 -4.11828e+01
124 -0.38699  7.61168e+01 |125 -0.19562 -1.42200e+02 |
125 variables; iteration 120; function evaluation 148; phase 2
Function value 3.4630755e+03; maximum gradient component mag 1.3560e+03
Var    Value     Gradient |Var    Value     Gradient |Var    Value     Gradient
  1 11.40578  3.55349e+02 |  2 -0.06737  2.28674e+02 |  3  0.03387  5.52613e+02
  4  0.01250  3.25211e+02 |  5  0.02079  4.94722e+02 |  6  0.01745  5.08688e+02
  7  0.00145  3.45240e+02 |  8 -0.02328  1.33587e+02 |  9 -0.01721  2.16485e+02
 10 -0.01459  2.64650e+02 | 11 -0.03596  9.42678e+01 | 12 -0.03682  1.02320e+02
 13 -0.05792 -2.21982e+01 | 14 -0.09150 -1.50618e+02 | 15 -0.04138  8.31521e+01
 16 -0.05410 -2.04869e+01 | 17 -0.02859  9.93110e+01 | 18 -0.03352  4.50188e+01
 19  0.03123  7.97958e+02 | 20  0.03942  8.01228e+02 | 21  0.04794  1.12581e+03
 22  0.02868  5.89617e+02 | 23  0.01671  3.07816e+02 | 24  0.02170  2.98646e+02
 25  0.02428  2.43845e+02 | 26  0.03034 -5.03742e+02 | 27  0.03531  3.03876e+02
 28  0.00794 -4.84301e+02 | 29  0.02160 -1.12549e+02 | 30  0.00756 -1.62984e+01
 31  0.01348  1.75284e+02 | 32  0.01553  7.85336e+01 | 33  0.01664 -3.08980e+02
 34 -0.01396 -1.27307e+02 | 35 -0.01435 -3.09702e+02 | 36  0.01103 -3.28255e+02
 37 -0.01134 -3.18777e+02 | 38  0.00594 -8.20369e+01 | 39  0.02407 -6.80591e+01
 40 -0.00658 -5.01409e+02 | 41  0.01844 -1.41956e+02 | 42  0.00968 -1.30127e+02
 43  0.02410 -1.28452e+02 | 44  0.01653  2.14027e+02 | 45  0.00864 -5.05066e+02
 46 -0.01609 -2.57171e+02 | 47 -0.01403 -4.67500e+02 | 48 -0.01774 -6.72482e+02
 49 -0.00926 -5.95423e+02 | 50  0.00037 -3.62388e+02 | 51  0.00249 -2.44974e+02
 52  0.00429 -1.29982e+02 | 53  0.02605 -1.24067e+01 | 54  0.03187 -3.57460e+01
 55 -0.00300  2.07989e+02 | 56  0.00104 -3.42758e+02 | 57 -0.00184 -3.14361e+02
 58 -0.02543 -1.53620e+01 | 59 -0.01588 -4.77932e+01 | 60 -0.03911 -2.28700e+02
 61 -0.00007 -3.25909e+02 | 62 -0.02229 -1.47620e+02 | 63 -0.02309  6.79124e+01
 64 -0.01598 -1.22485e+02 | 65 -0.01403 -6.04565e+01 | 66  0.02675 -2.41422e+02
 67  0.00907 -1.48701e+02 | 68  0.02436 -9.68167e+01 | 69  0.07498  1.17267e+02
 70 -3.27194  3.38052e+02 | 71 -0.08042  1.35600e+03 | 72 -0.07170 -3.88949e+02
 73 -0.09086  7.31396e+02 | 74 -0.00862  5.31136e+02 | 75  0.00144  2.07312e+02
 76 -0.04560  4.65394e+02 | 77 -0.03783  1.55472e+02 | 78 -0.05582  3.42328e+02
 79 -0.02960  3.60998e+02 | 80  0.00582  5.11907e+02 | 81  0.02151  3.54490e+02
 82  0.06118  6.30069e+01 | 83  0.00286 -4.49825e+01 | 84  0.08474  2.04370e+02
 85 -0.00711  1.34548e+02 | 86 -0.02539 -1.59007e+02 | 87 -0.00141  3.24345e+02
 88  0.00589 -5.44256e+02 | 89 -0.00307  4.28169e+02 | 90 -0.02035  4.63759e+01
 91  0.01426 -3.70684e+02 | 92  0.00455 -3.30548e+02 | 93  0.02534  7.98947e+00
 94 -0.00167 -3.37194e+02 | 95 -0.00008  1.54343e+02 | 96  0.00216  2.26051e+02
 97 -0.03239  3.36102e+01 | 98 -0.01280 -1.60242e+02 | 99 -0.03164 -1.09758e+03
100 -0.04133 -3.72168e+02 |101 -0.01998 -6.34952e+02 |102  0.01254 -1.71265e+02
103  0.02044 -4.35445e+02 |104  0.01696 -9.39964e+01 |105  0.00516  1.30331e+02
106  0.00917 -6.47628e+02 |107  0.03527 -4.00580e+02 |108  0.01508 -1.07078e+02
109  0.03889  1.96412e+01 |110  0.02621 -3.21515e+02 |111  0.01198  1.01202e+01
112  0.00840  3.35685e+01 |113  0.02451  7.29791e+01 |114  0.04884 -1.64421e+02
115  0.03201  2.18421e+02 |116  0.04356 -5.18724e+02 |117  0.03999  3.09527e+02
118 -0.60109 -2.64913e+02 |119 -0.02353 -2.32345e+02 |120 -0.49967  1.11031e+02
121 -0.33067 -2.69800e+02 |122 -0.57142 -6.67644e+02 |123 -0.07503 -2.82943e+01
124 -0.38927  1.08252e+02 |125 -0.19121  2.31800e+01 |
125 variables; iteration 140; function evaluation 185; phase 2
Function value 3.3263631e+03; maximum gradient component mag 6.5443e+01
Var    Value     Gradient |Var    Value     Gradient |Var    Value     Gradient
  1 11.32224  3.25326e+01 |  2 -0.07004 -6.59867e+00 |  3 -0.01392  1.58323e+01
  4 -0.01709  1.45691e+01 |  5 -0.02104  1.16347e+01 |  6 -0.02473  8.40204e+00
  7 -0.02755  7.51612e+00 |  8 -0.02839  9.23332e+00 |  9 -0.03352  1.38655e+00
 10 -0.03417 -2.88931e+00 | 11 -0.03262  2.06942e+00 | 12 -0.03600 -3.73140e+00
 13 -0.03562 -1.05688e+00 | 14 -0.03646 -5.17576e+00 | 15 -0.03573 -1.02466e+00
 16 -0.03452 -1.08051e+01 | 17 -0.01493  3.12811e+00 | 18 -0.01674  2.29977e+00
 19  0.03446  6.31402e+00 | 20  0.04901  3.84402e+01 | 21  0.04832  6.72728e+00
 22  0.02934 -8.89481e+00 | 23  0.02007 -8.57228e+00 | 24  0.02181 -2.27553e+01
 25  0.01989 -4.61368e+01 | 26  0.04874 -1.18123e+01 | 27  0.02615 -4.05957e+01
 28  0.02230 -3.04254e+01 | 29  0.02411 -2.13026e+01 | 30  0.00818 -2.72508e+01
 31  0.01130 -2.34779e+01 | 32  0.01469 -1.83062e+01 | 33  0.02082 -1.29723e+01
 34 -0.01315 -2.24198e+00 | 35 -0.00921 -5.54287e+00 | 36  0.01412  1.44396e+01
 37 -0.00679  6.73663e+00 | 38  0.00547  1.96573e+01 | 39  0.02395  2.45501e+01
 40  0.00094  5.97584e+00 | 41  0.01911  1.42610e+01 | 42  0.01066  4.84988e+01
 43  0.02454  2.58402e+01 | 44  0.01344  3.85146e+01 | 45  0.01325  4.22410e+00
 46 -0.01342 -6.82284e+00 | 47 -0.00753 -1.03747e+01 | 48 -0.00679 -3.26234e+00
 49 -0.00068  8.64110e+00 | 50  0.00519  1.91263e+01 | 51  0.00616  1.26369e+01
 52  0.00721  1.88590e+01 | 53  0.02856  3.71114e+01 | 54  0.03482  3.46702e+01
 55 -0.00476  7.70124e+00 | 56  0.00742  1.14057e+01 | 57  0.00407 -1.71749e+00
 58 -0.02611 -9.76382e+00 | 59 -0.01483  6.09542e+00 | 60 -0.03224  8.41514e+00
 61  0.00586  1.17144e+01 | 62 -0.01932 -1.12479e+01 | 63 -0.03149 -1.73619e+01
 64 -0.01245 -2.34557e+01 | 65 -0.01604 -1.84080e+01 | 66  0.03634 -2.89723e+01
 67  0.02259 -2.32738e+01 | 68  0.03575 -2.44925e+01 | 69  0.00913 -1.53523e+01
 70 -3.24501  1.21232e+01 | 71 -0.07189  6.54428e+01 | 72 -0.05603  9.75794e+00
 73 -0.08681  3.74846e+01 | 74 -0.00719  1.50546e+01 | 75  0.00257 -2.12894e-01
 76 -0.04731 -9.78035e+00 | 77 -0.03807  2.65802e+01 | 78 -0.05796  1.43978e+01
 79 -0.03284 -2.64063e+01 | 80  0.00093 -7.40602e+00 | 81  0.01707 -1.79195e+01
 82  0.05810 -3.64435e+01 | 83  0.00080 -1.86203e+01 | 84  0.08060 -2.85854e+01
 85 -0.01025 -1.43965e+01 | 86 -0.02659 -4.17171e+01 | 87 -0.00570 -3.90884e+01
 88  0.00785 -7.70579e+00 | 89 -0.00732  2.03957e+01 | 90 -0.02223 -2.50860e+01
 91  0.01563 -1.71133e+00 | 92  0.00591  1.53004e+01 | 93  0.02443 -1.99926e+01
 94 -0.00011 -2.08184e+01 | 95 -0.00135  2.14544e+01 | 96  0.00059  1.64340e+01
 97 -0.03254  2.94013e+01 | 98 -0.01148  2.72179e+01 | 99 -0.02448 -4.52111e+01
100 -0.03866  2.32965e+01 |101 -0.01581  2.00549e+00 |102  0.01347  1.33227e+01
103  0.02274 -1.33278e+01 |104  0.01669 -1.79008e+01 |105  0.00339  2.12757e+01
106  0.01231  9.78803e+00 |107  0.03636 -6.54126e+00 |108  0.01401 -1.27907e+01
109  0.03683 -7.50431e+00 |110  0.02640 -1.44156e+01 |111  0.01005 -8.09179e-02
112  0.00631 -5.16815e+00 |113  0.02227  1.18628e+01 |114  0.04797 -1.95922e+01
115  0.02904  5.07321e+01 |116  0.04547  9.05810e+00 |117  0.03672  3.03372e+01
118 -0.50316  1.65180e+01 |119 -0.07802  6.85905e+00 |120 -0.60467 -9.60148e-01
121 -0.27079  8.90317e+00 |122 -0.44509  4.58451e+01 |123 -0.14641  6.07457e+01
124 -0.40957 -4.23960e+00 |125 -0.19233 -1.16473e+01 |
125 variables; iteration 160; function evaluation 205; phase 2
Function value 3.3254899e+03; maximum gradient component mag 1.1271e-01
Var    Value     Gradient |Var    Value     Gradient |Var    Value     Gradient
  1 11.31335  2.09137e-02 |  2 -0.06494 -5.38576e-02 |  3 -0.02367  5.24977e-02
  4 -0.02575 -4.51228e-02 |  5 -0.02784  2.37469e-02 |  6 -0.02967 -8.94817e-03
  7 -0.03175 -1.14757e-02 |  8 -0.03310 -8.39639e-02 |  9 -0.03453 -1.05716e-01
 10 -0.03284 -2.16826e-02 | 11 -0.03314 -5.76619e-02 | 12 -0.03398 -2.07235e-02
 13 -0.03481 -8.88333e-02 | 14 -0.03375 -2.33454e-02 | 15 -0.03514  1.92414e-02
 16 -0.03035 -7.06406e-03 | 17 -0.01471  7.11712e-03 | 18 -0.01703  1.28121e-02
 19  0.03565  2.40270e-02 | 20  0.04850 -6.46515e-02 | 21  0.04869  2.86499e-02
 22  0.02979 -3.11901e-02 | 23  0.02008 -6.20998e-02 | 24  0.02234  3.38096e-02
 25  0.02156 -2.80280e-02 | 26  0.04859 -9.29805e-02 | 27  0.02708 -3.77850e-02
 28  0.02288 -9.86760e-03 | 29  0.02450 -3.66748e-02 | 30  0.00884  2.32695e-04
 31  0.01189 -1.37870e-02 | 32  0.01523 -1.22393e-02 | 33  0.02134  3.36315e-02
 34 -0.01286 -2.19673e-02 | 35 -0.00875  1.50312e-03 | 36  0.01441  6.07026e-02
 37 -0.00652 -1.53869e-02 | 38  0.00565  5.74100e-03 | 39  0.02424  2.64356e-02
 40  0.00129 -1.01770e-02 | 41  0.01948  3.97259e-02 | 42  0.01052  1.39156e-02
 43  0.02482  4.75641e-02 | 44  0.01344  3.23461e-02 | 45  0.01362  5.03104e-02
 46 -0.01299  4.80086e-02 | 47 -0.00704  6.97128e-02 | 48 -0.00640  7.80409e-02
 49 -0.00041  5.71938e-02 | 50  0.00537  6.75239e-02 | 51  0.00643  1.84688e-02
 52  0.00739  2.42541e-02 | 53  0.02874  1.39208e-02 | 54  0.03505  6.20762e-03
 55 -0.00455 -6.40550e-03 | 56  0.00766  1.96104e-02 | 57  0.00447  1.41036e-02
 58 -0.02561 -3.22042e-02 | 59 -0.01471  2.15090e-02 | 60 -0.03247 -4.58084e-03
 61  0.00595  5.28580e-02 | 62 -0.01890  2.04553e-02 | 63 -0.03079  2.50021e-02
 64 -0.01159  4.71295e-03 | 65 -0.01533  2.20041e-02 | 66  0.03705 -9.01754e-03
 67  0.02291  6.95317e-04 | 68  0.03898  7.81036e-03 | 69  0.01146 -5.99104e-02
 70 -3.24828  1.91123e-02 | 71 -0.07136  1.12714e-01 | 72 -0.05554  5.12586e-02
 73 -0.08679  4.60657e-02 | 74 -0.00718  3.72289e-02 | 75  0.00261  2.32532e-02
 76 -0.04723  1.02581e-02 | 77 -0.03827 -1.47051e-03 | 78 -0.05812 -2.47921e-02
 79 -0.03275 -5.25017e-02 | 80  0.00087 -5.17369e-02 | 81  0.01707 -5.93133e-02
 82  0.05824 -7.55145e-02 | 83  0.00080 -4.77282e-02 | 84  0.08068 -5.58189e-02
 85 -0.01029 -3.05525e-02 | 86 -0.02644 -3.71803e-02 | 87 -0.00557 -2.81082e-02
 88  0.00777 -3.63344e-02 | 89 -0.00759 -8.66202e-03 | 90 -0.02219 -2.17720e-02
 91  0.01550 -7.56550e-03 | 92  0.00565 -4.92123e-04 | 93  0.02439 -9.95769e-03
 94 -0.00013 -2.22434e-02 | 95 -0.00165 -1.64960e-02 | 96  0.00034 -1.09138e-02
 97 -0.03283  1.36238e-02 | 98 -0.01172  9.40542e-03 | 99 -0.02419 -8.71937e-03
100 -0.03880  2.92175e-02 |101 -0.01581  1.90287e-02 |102  0.01339  2.27232e-02
103  0.02282  2.94014e-02 |104  0.01679  3.12638e-02 |105  0.00321  5.72806e-02
106  0.01218  2.63708e-02 |107  0.03633  2.67125e-02 |108  0.01406  6.78029e-03
109  0.03686  1.03588e-02 |110  0.02653 -1.15323e-02 |111  0.01014 -1.37729e-02
112  0.00647 -1.77105e-02 |113  0.02233 -1.20323e-03 |114  0.04824  6.18262e-03
115  0.02886  3.59033e-02 |116  0.04553  3.09711e-02 |117  0.03655  4.51220e-02
118 -0.50568 -5.61910e-02 |119 -0.08198 -3.42683e-02 |120 -0.59718  1.75852e-04
121 -0.27844 -1.82691e-02 |122 -0.44933 -1.91114e-02 |123 -0.14799  1.51833e-02
124 -0.40902 -3.02191e-02 |125 -0.19179 -5.29530e-02 |

 - final statistics:
125 variables; iteration 172; function evaluation 217
Function value 3.3255e+03; maximum gradient component mag 8.2546e-04
Exit code = 1;  converg criter 1.0000e-03
Var    Value     Gradient |Var    Value     Gradient |Var    Value     Gradient
  1 11.31340  3.62327e-04 |  2 -0.06492 -2.94414e-04 |  3 -0.02370  1.42314e-04
  4 -0.02573  4.52135e-04 |  5 -0.02786 -7.13307e-04 |  6 -0.02967 -3.20721e-04
  7 -0.03175  1.06100e-04 |  8 -0.03307 -3.79752e-04 |  9 -0.03448 -3.55501e-04
 10 -0.03283  3.83153e-04 | 11 -0.03312  7.56184e-05 | 12 -0.03398  9.65170e-05
 13 -0.03478  2.25905e-05 | 14 -0.03375 -3.09611e-04 | 15 -0.03516 -4.74651e-04
 16 -0.03035 -1.76328e-04 | 17 -0.01472  3.08059e-04 | 18 -0.01704  3.63675e-04
 19  0.03564  2.66413e-04 | 20  0.04850  8.25462e-04 | 21  0.04869  4.74246e-04
 22  0.02979 -1.18851e-04 | 23  0.02008  1.80491e-04 | 24  0.02233 -5.87967e-04
 25  0.02155  3.29248e-04 | 26  0.04858  2.55835e-04 | 27  0.02708  1.15294e-04
 28  0.02288  2.04326e-04 | 29  0.02449  9.71344e-05 | 30  0.00884  1.35651e-04
 31  0.01188  2.15589e-04 | 32  0.01523  2.24599e-04 | 33  0.02134 -8.83226e-05
 34 -0.01286  1.32872e-04 | 35 -0.00875  1.43543e-04 | 36  0.01441 -9.82164e-06
 37 -0.00652  1.27181e-04 | 38  0.00565 -1.51340e-04 | 39  0.02424 -3.34694e-04
 40  0.00129 -1.88583e-05 | 41  0.01948 -3.68730e-04 | 42  0.01052 -8.56542e-05
 43  0.02482 -2.23898e-04 | 44  0.01344 -2.61437e-04 | 45  0.01361 -3.21086e-05
 46 -0.01300  6.56865e-05 | 47 -0.00704  2.86773e-04 | 48 -0.00641  3.04880e-04
 49 -0.00042  3.39023e-04 | 50  0.00537  1.34537e-04 | 51  0.00643  3.07786e-04
 52  0.00739  2.32365e-04 | 53  0.02874 -9.94253e-05 | 54  0.03505 -3.86977e-04
 55 -0.00455 -4.48232e-07 | 56  0.00765 -2.19072e-04 | 57  0.00446  1.12828e-04
 58 -0.02561  1.48296e-04 | 59 -0.01471 -5.97020e-04 | 60 -0.03247 -2.61020e-04
 61  0.00595 -1.90201e-04 | 62 -0.01890 -3.99940e-05 | 63 -0.03080  2.51128e-04
 64 -0.01159  4.82395e-05 | 65 -0.01533 -2.26292e-04 | 66  0.03705 -1.07558e-04
 67  0.02291 -1.42550e-04 | 68  0.03897 -8.55192e-05 | 69  0.01151 -1.11094e-04
 70 -3.24831  2.84448e-04 | 71 -0.07137  1.59615e-04 | 72 -0.05555  4.63160e-04
 73 -0.08680 -2.74232e-04 | 74 -0.00719 -2.70203e-04 | 75  0.00261 -4.11889e-06
 76 -0.04723  9.59158e-05 | 77 -0.03827 -2.20408e-04 | 78 -0.05812 -7.47288e-05
 79 -0.03275  2.97257e-04 | 80  0.00087 -4.86312e-05 | 81  0.01707  3.30278e-05
 82  0.05824  2.15608e-04 | 83  0.00080  6.54743e-05 | 84  0.08068  1.50255e-04
 85 -0.01028 -6.21441e-05 | 86 -0.02644  2.67404e-04 | 87 -0.00557  1.73765e-04
 88  0.00777 -1.49820e-04 | 89 -0.00759 -5.34538e-04 | 90 -0.02219  2.64394e-05
 91  0.01550 -2.73730e-04 | 92  0.00566 -4.51481e-04 | 93  0.02439  1.47036e-05
 94 -0.00013  7.02267e-05 | 95 -0.00165 -3.53432e-04 | 96  0.00034 -3.09243e-04
 97 -0.03283 -4.66440e-04 | 98 -0.01172 -2.81954e-04 | 99 -0.02419  5.68999e-04
100 -0.03880 -2.82799e-04 |101 -0.01581  3.94519e-05 |102  0.01339 -2.45535e-04
103  0.02282  2.91857e-05 |104  0.01679  1.29744e-04 |105  0.00321 -2.89593e-04
106  0.01218  6.78444e-05 |107  0.03633  1.29858e-04 |108  0.01406  3.58183e-04
109  0.03686  2.49389e-04 |110  0.02653  4.29923e-04 |111  0.01014  2.12936e-04
112  0.00647  4.23279e-04 |113  0.02233  1.55088e-04 |114  0.04824  5.36546e-04
115  0.02886 -4.06163e-04 |116  0.04553  3.56953e-06 |117  0.03655 -4.45450e-04
118 -0.50565  9.09309e-05 |119 -0.08199 -1.92661e-04 |120 -0.59718 -9.40007e-05
121 -0.27845 -4.84977e-04 |122 -0.44932 -5.59884e-05 |123 -0.14799  1.89976e-04
124 -0.40902 -3.57669e-05 |125 -0.19179  2.79785e-04 |

Initial statistics: 128 variables; iteration 0; function evaluation 0; phase 3
Function value 3.3473688e+03; maximum gradient component mag -3.9410e+01
Var    Value     Gradient |Var    Value     Gradient |Var    Value     Gradient
  1 11.31340  3.62327e-04 |  2 -0.06492 -2.96408e-04 |  3 -0.02370  1.40311e-04
  4 -0.02573  4.50132e-04 |  5 -0.02786 -7.15310e-04 |  6 -0.02967 -3.22723e-04
  7 -0.03175  1.04097e-04 |  8 -0.03307 -3.81754e-04 |  9 -0.03448 -3.57503e-04
 10 -0.03283  3.81151e-04 | 11 -0.03312  7.36163e-05 | 12 -0.03398  9.45150e-05
 13 -0.03478  2.05887e-05 | 14 -0.03375 -3.11613e-04 | 15 -0.03516 -4.76653e-04
 16 -0.03035 -1.78331e-04 | 17 -0.01472  3.06055e-04 | 18 -0.01704  3.61671e-04
 19  0.03564  2.64411e-04 | 20  0.04850  8.23463e-04 | 21  0.04869  4.72247e-04
 22  0.02979 -1.20853e-04 | 23  0.02008  1.78487e-04 | 24  0.02233 -5.89971e-04
 25  0.02155  3.27245e-04 | 26  0.04858  2.53836e-04 | 27  0.02708  1.13291e-04
 28  0.02288  2.02323e-04 | 29  0.02449  9.51310e-05 | 30  0.00884  1.33646e-04
 31  0.01188  2.13584e-04 | 32  0.01523  2.22595e-04 | 33  0.02134 -9.03263e-05
 34 -0.01286  1.30867e-04 | 35 -0.00875  1.41538e-04 | 36  0.01441 -1.18260e-05
 37 -0.00652  1.25176e-04 | 38  0.00565 -1.53345e-04 | 39  0.02424 -3.36698e-04
 40  0.00129 -2.08632e-05 | 41  0.01948 -3.70734e-04 | 42  0.01052 -8.76588e-05
 43  0.02482 -2.25901e-04 | 44  0.01344 -2.63442e-04 | 45  0.01361 -3.41130e-05
 46 -0.01300  6.36820e-05 | 47 -0.00704  2.84769e-04 | 48 -0.00641  3.02875e-04
 49 -0.00042  3.37018e-04 | 50  0.00537  1.32532e-04 | 51  0.00643  3.05781e-04
 52  0.00739  2.30360e-04 | 53  0.02874 -1.01428e-04 | 54  0.03505 -3.88979e-04
 55 -0.00455 -2.45303e-06 | 56  0.00765 -2.21077e-04 | 57  0.00446  1.10823e-04
 58 -0.02561  1.46293e-04 | 59 -0.01471 -5.99025e-04 | 60 -0.03247 -2.63022e-04
 61  0.00595 -1.92206e-04 | 62 -0.01890 -4.19979e-05 | 63 -0.03080  2.49126e-04
 64 -0.01159  4.62350e-05 | 65 -0.01533 -2.28297e-04 | 66  0.03705 -1.09559e-04
 67  0.02291 -1.44554e-04 | 68  0.03897 -8.75203e-05 | 69  0.01151 -1.13099e-04
 70 -3.24831  2.84448e-04 | 71 -0.07137  1.61191e-04 | 72 -0.05555  4.64740e-04
 73 -0.08680 -2.72661e-04 | 74 -0.00719 -2.68617e-04 | 75  0.00261 -2.53308e-06
 76 -0.04723  9.74973e-05 | 77 -0.03827 -2.18825e-04 | 78 -0.05812 -7.31496e-05
 79 -0.03275  2.98841e-04 | 80  0.00087 -4.70454e-05 | 81  0.01707  3.46130e-05
 82  0.05824  2.17188e-04 | 83  0.00080  6.70601e-05 | 84  0.08068  1.51828e-04
 85 -0.01028 -6.05585e-05 | 86 -0.02644  2.68989e-04 | 87 -0.00557  1.75351e-04
 88  0.00777 -1.48234e-04 | 89 -0.00759 -5.32952e-04 | 90 -0.02219  2.80243e-05
 91  0.01550 -2.72145e-04 | 92  0.00566 -4.49895e-04 | 93  0.02439  1.62882e-05
 94 -0.00013  7.18125e-05 | 95 -0.00165 -3.51846e-04 | 96  0.00034 -3.07657e-04
 97 -0.03283 -4.64857e-04 | 98 -0.01172 -2.80369e-04 | 99 -0.02419  5.70584e-04
100 -0.03880 -2.81216e-04 |101 -0.01581  4.10373e-05 |102  0.01339 -2.43949e-04
103  0.02282  3.07705e-05 |104  0.01679  1.31329e-04 |105  0.00321 -2.88008e-04
106  0.01218  6.94299e-05 |107  0.03633  1.31442e-04 |108  0.01406  3.59768e-04
109  0.03686  2.50972e-04 |110  0.02653  4.31508e-04 |111  0.01014  2.14522e-04
112  0.00647  4.24864e-04 |113  0.02233  1.56673e-04 |114  0.04824  5.38127e-04
115  0.02886 -4.04579e-04 |116  0.04553  5.15131e-06 |117  0.03655 -4.43867e-04
118 -0.50565 -5.09891e+00 |119 -0.08199 -3.94096e+01 |120 -0.59718 -9.40007e-05
121 -0.27845 -4.84977e-04 |122 -0.44932 -5.59884e-05 |123 -0.14799  1.89976e-04
124 -0.40902 -3.57669e-05 |125 -0.19179  2.79785e-04 |126 -0.42263  3.38365e+01
127 -0.40646  2.14750e+01 |128 -0.37499 -2.12027e-06 |

Intermediate statistics: 128 variables; iteration 20; function evaluation 21; phase 3
Function value 3.3444285e+03; maximum gradient component mag -1.3152e+02
Var    Value     Gradient |Var    Value     Gradient |Var    Value     Gradient
  1 11.30787 -7.34135e+00 |  2 -0.06640  3.99013e+01 |  3 -0.02322  1.90924e+01
  4 -0.02538  1.98494e+01 |  5 -0.02764  2.04924e+01 |  6 -0.02959  2.11666e+01
  7 -0.03179  2.16853e+01 |  8 -0.03323  2.24610e+01 |  9 -0.03477  2.30946e+01
 10 -0.03336  2.49795e+01 | 11 -0.03378  2.60168e+01 | 12 -0.03469  2.67182e+01
 13 -0.03548  2.73785e+01 | 14 -0.03451  2.84147e+01 | 15 -0.03573  2.78040e+01
 16 -0.03078  3.01232e+01 | 17 -0.01488  3.98115e+01 | 18 -0.01698  3.26981e+01
 19  0.03640  9.21801e+01 | 20  0.05074  1.24585e+02 | 21  0.04996  6.13378e+01
 22  0.02987 -1.00648e+01 | 23  0.01996 -3.25106e+01 | 24  0.02170 -5.94371e+01
 25  0.02107 -6.65081e+01 | 26  0.04849 -1.23448e+02 | 27  0.02679 -7.69164e+01
 28  0.02274 -5.99893e+01 | 29  0.02471 -3.96200e+01 | 30  0.00868 -3.56658e+01
 31  0.01176 -3.30763e+01 | 32  0.01534 -1.61771e+01 | 33  0.02153 -6.51867e+00
 34 -0.01318 -1.56239e+01 | 35 -0.00886 -7.89733e+00 | 36  0.01458  9.94302e+00
 37 -0.00652  2.34670e+00 | 38  0.00603  2.86974e+01 | 39  0.02436  1.77289e+01
 40  0.00170  2.73891e+01 | 41  0.01985  3.17513e+01 | 42  0.01086  1.61454e+01
 43  0.02493 -1.40459e+01 | 44  0.01389  1.50170e+01 | 45  0.01411  1.66527e+01
 46 -0.01292 -8.97220e+00 | 47 -0.00631  2.67753e+01 | 48 -0.00571  2.63589e+01
 49  0.00003  1.12837e+01 | 50  0.00567 -2.88858e+00 | 51  0.00691  9.03229e+00
 52  0.00796  1.33929e+01 | 53  0.02831 -1.25495e+02 | 54  0.03470 -1.31516e+02
 55 -0.00424 -9.28135e+00 | 56  0.00806 -4.34145e+00 | 57  0.00491 -8.10952e-01
 58 -0.02557 -1.27927e+01 | 59 -0.01482 -2.46415e+01 | 60 -0.03224 -5.71945e+00
 61  0.00615 -1.39574e+01 | 62 -0.01913 -1.45261e+01 | 63 -0.03027  5.39794e+00
 64 -0.01115  6.33568e+00 | 65 -0.01620 -7.71945e+00 | 66  0.03662 -1.35871e+01
 67  0.01955 -2.15766e+01 | 68  0.03709 -1.00771e+01 | 69  0.01323  3.75706e+00
 70 -3.23752 -1.66232e+00 | 71 -0.06986  1.19030e+02 | 72 -0.05413  1.12964e+02
 73 -0.08553  1.03304e+02 | 74 -0.00626  7.60309e+01 | 75  0.00323  6.05512e+01
 76 -0.04698  3.29875e+01 | 77 -0.03825  1.72834e+01 | 78 -0.05834 -1.59111e+01
 79 -0.03300 -2.65356e+01 | 80  0.00066 -2.37378e+01 | 81  0.01684 -2.76496e+01
 82  0.05803 -1.31581e+01 | 83  0.00054 -3.19911e+01 | 84  0.08007 -5.85896e+01
 85 -0.01085 -7.07161e+01 | 86 -0.02695 -6.44887e+01 | 87 -0.00598 -4.79556e+01
 88  0.00745 -3.27493e+01 | 89 -0.00791 -3.34649e+01 | 90 -0.02247 -3.00328e+01
 91  0.01539 -1.13012e+01 | 92  0.00566 -1.58911e+00 | 93  0.02452  8.79724e+00
 94  0.00015  2.76861e+01 | 95 -0.00129  3.63469e+01 | 96  0.00074  4.04901e+01
 97 -0.03247  3.62380e+01 | 98 -0.01142  3.46459e+01 | 99 -0.02406  1.98140e+01
100 -0.03888  2.27752e+00 |101 -0.01598  3.70455e-02 |102  0.01322  9.02315e+00
103  0.02260  5.93780e+00 |104  0.01646 -1.34089e+01 |105  0.00285 -2.85131e+01
106  0.01198 -2.01599e+01 |107  0.03635 -1.47446e+00 |108  0.01419  4.93948e+00
109  0.03701  1.35377e+01 |110  0.02657  2.65285e+00 |111  0.00996 -2.17902e+01
112  0.00614 -3.38670e+01 |113  0.02201 -2.47864e+01 |114  0.04807  1.23926e+00
115  0.02836 -5.18816e+01 |116  0.04521 -2.90298e+01 |117  0.03624 -4.15009e+01
118 -0.51746 -1.51086e+01 |119 -0.07143 -1.76599e+01 |120 -0.60857 -1.57124e+01
121 -0.26846 -7.64679e+00 |122 -0.44810  4.06977e+00 |123 -0.14952 -1.72386e+00
124 -0.40969  2.50743e+00 |125 -0.19172  1.51085e+01 |126 -0.54179  2.68379e+00
127 -0.48166  4.87366e+00 |128 -0.37499 -2.12027e-06 |
128 variables; iteration 40; function evaluation 44; phase 3
Function value 3.3441083e+03; maximum gradient component mag -1.3659e+02
Var    Value     Gradient |Var    Value     Gradient |Var    Value     Gradient
  1 11.31078 -8.56978e+00 |  2 -0.06497  4.30460e+01 |  3 -0.02391  1.68669e+01
  4 -0.02590  1.79077e+01 |  5 -0.02800  1.88396e+01 |  6 -0.02979  1.98264e+01
  7 -0.03185  2.06389e+01 |  8 -0.03316  2.17503e+01 |  9 -0.03456  2.27392e+01
 10 -0.03291  2.52731e+01 | 11 -0.03318  2.67902e+01 | 12 -0.03402  2.78737e+01
 13 -0.03479  2.88103e+01 | 14 -0.03373  3.04204e+01 | 15 -0.03510  2.98461e+01
 16 -0.03015  3.27784e+01 | 17 -0.01377  4.62153e+01 | 18 -0.01640  3.68741e+01
 19  0.03618  9.30787e+01 | 20  0.05005  1.11699e+02 | 21  0.04969  5.74807e+01
 22  0.02971 -1.01427e+01 | 23  0.01973 -3.30548e+01 | 24  0.02166 -5.74185e+01
 25  0.02096 -6.59667e+01 | 26  0.04824 -1.27600e+02 | 27  0.02683 -7.16490e+01
 28  0.02267 -5.76835e+01 | 29  0.02466 -3.67162e+01 | 30  0.00847 -4.04205e+01
 31  0.01175 -2.95814e+01 | 32  0.01523 -1.83550e+01 | 33  0.02135 -1.55017e+01
 34 -0.01335 -2.01559e+01 | 35 -0.00922 -2.01408e+01 | 36  0.01457  1.46574e+01
 37 -0.00672 -3.18360e+00 | 38  0.00591  2.63725e+01 | 39  0.02423  1.50278e+01
 40  0.00152  2.37586e+01 | 41  0.01987  4.71622e+01 | 42  0.01058  8.11666e+00
 43  0.02456 -3.38246e+01 | 44  0.01382  2.62372e+01 | 45  0.01395  1.85958e+01
 46 -0.01293 -3.37369e+00 | 47 -0.00654  1.76692e+01 | 48 -0.00594  1.48778e+01
 49  0.00004  1.45848e+01 | 50  0.00575  7.61311e+00 | 51  0.00682  7.30059e+00
 52  0.00763 -7.75326e+00 | 53  0.02828 -1.16166e+02 | 54  0.03457 -1.36593e+02
 55 -0.00432 -7.66511e+00 | 56  0.00799 -1.21648e+00 | 57  0.00488  5.53947e+00
 58 -0.02580 -1.56619e+01 | 59 -0.01520 -3.30867e+01 | 60 -0.03257 -8.61855e+00
 61  0.00609 -4.88398e+00 | 62 -0.01921 -1.15318e+01 | 63 -0.03087 -1.58381e+00
 64 -0.01174 -2.77926e+00 | 65 -0.01541  1.21058e-01 | 66  0.03656 -1.22465e+01
 67  0.02194 -6.08650e+00 | 68  0.03845 -2.44941e+00 | 69  0.01060  1.02757e+00
 70 -3.24945  1.39242e+00 | 71 -0.07065  1.04870e+02 | 72 -0.05498  1.08430e+02
 73 -0.08645  1.02334e+02 | 74 -0.00709  8.39788e+01 | 75  0.00252  6.74262e+01
 76 -0.04750  3.81480e+01 | 77 -0.03860  1.91737e+01 | 78 -0.05858 -1.62284e+01
 79 -0.03322 -3.16560e+01 | 80  0.00044 -3.54149e+01 | 81  0.01663 -4.49160e+01
 82  0.05793 -2.30527e+01 | 83  0.00051 -3.93274e+01 | 84  0.08022 -4.82945e+01
 85 -0.01065 -5.53132e+01 | 86 -0.02675 -5.33541e+01 | 87 -0.00577 -4.18998e+01
 88  0.00768 -3.02794e+01 | 89 -0.00767 -3.40143e+01 | 90 -0.02224 -3.23409e+01
 91  0.01557 -1.86462e+01 | 92  0.00581 -8.06001e+00 | 93  0.02462  3.31021e-01
 94  0.00025  2.44711e+01 | 95 -0.00120  3.55830e+01 | 96  0.00083  4.25615e+01
 97 -0.03235  4.31145e+01 | 98 -0.01125  4.39904e+01 | 99 -0.02383  3.05004e+01
100 -0.03857  1.57761e+01 |101 -0.01565  9.74514e+00 |102  0.01350  9.79161e+00
103  0.02286  4.95797e+00 |104  0.01671 -9.75658e+00 |105  0.00307 -1.93623e+01
106  0.01209 -1.51116e+01 |107  0.03634 -3.44179e-01 |108  0.01408 -5.83450e+00
109  0.03696  5.57237e+00 |110  0.02656 -6.71866e+00 |111  0.01007 -2.44264e+01
112  0.00638 -3.06078e+01 |113  0.02226 -2.68491e+01 |114  0.04819 -2.46014e+01
115  0.02877 -3.67853e+01 |116  0.04554 -2.54561e+01 |117  0.03663 -2.44220e+01
118 -0.50475  1.10583e+00 |119 -0.08171 -1.75488e+01 |120 -0.59872 -9.10302e+00
121 -0.27793 -1.71915e+01 |122 -0.44869  1.72507e+00 |123 -0.14863  7.33095e-01
124 -0.40920  1.48082e+00 |125 -0.19168  9.45278e+00 |126 -0.55907 -3.33284e+00
127 -0.50128  2.35695e-01 |128 -0.37499 -2.12027e-06 |
128 variables; iteration 60; function evaluation 65; phase 3
Function value 3.3440969e+03; maximum gradient component mag -1.3775e+02
Var    Value     Gradient |Var    Value     Gradient |Var    Value     Gradient
  1 11.31258 -7.06375e+00 |  2 -0.06500  4.25283e+01 |  3 -0.02369  1.66997e+01
  4 -0.02571  1.77112e+01 |  5 -0.02783  1.86287e+01 |  6 -0.02964  1.96073e+01
  7 -0.03171  2.04188e+01 |  8 -0.03303  2.15130e+01 |  9 -0.03445  2.24863e+01
 10 -0.03283  2.49525e+01 | 11 -0.03314  2.64023e+01 | 12 -0.03402  2.73953e+01
 13 -0.03481  2.82512e+01 | 14 -0.03380  2.97244e+01 | 15 -0.03518  2.90665e+01
 16 -0.03026  3.18419e+01 | 17 -0.01397  4.47411e+01 | 18 -0.01661  3.53246e+01
 19  0.03616  9.29964e+01 | 20  0.04996  1.10519e+02 | 21  0.04959  5.62528e+01
 22  0.02965 -1.02516e+01 | 23  0.01959 -3.43205e+01 | 24  0.02164 -5.65577e+01
 25  0.02085 -6.66549e+01 | 26  0.04816 -1.27088e+02 | 27  0.02677 -7.13047e+01
 28  0.02261 -5.72249e+01 | 29  0.02459 -3.71540e+01 | 30  0.00839 -4.12930e+01
 31  0.01163 -3.25863e+01 | 32  0.01517 -1.79767e+01 | 33  0.02130 -1.41403e+01
 34 -0.01336 -1.87016e+01 | 35 -0.00930 -2.09035e+01 | 36  0.01449  1.32404e+01
 37 -0.00681 -4.53780e+00 | 38  0.00590  2.96970e+01 | 39  0.02416  1.44826e+01
 40  0.00146  2.40022e+01 | 41  0.01979  4.56536e+01 | 42  0.01052  7.86207e+00
 43  0.02449 -3.44166e+01 | 44  0.01376  2.61093e+01 | 45  0.01387  1.66326e+01
 46 -0.01298 -3.23711e+00 | 47 -0.00660  1.78744e+01 | 48 -0.00602  1.34428e+01
 49 -0.00004  1.29222e+01 | 50  0.00569  7.79389e+00 | 51  0.00675  5.83888e+00
 52  0.00760 -5.71660e+00 | 53  0.02825 -1.13209e+02 | 54  0.03451 -1.37748e+02
 55 -0.00437 -8.30194e+00 | 56  0.00796  7.60444e-01 | 57  0.00483  5.64410e+00
 58 -0.02581 -1.51414e+01 | 59 -0.01522 -3.25379e+01 | 60 -0.03267 -1.09820e+01
 61  0.00605 -5.70550e+00 | 62 -0.01924 -1.23629e+01 | 63 -0.03087 -1.78755e+00
 64 -0.01167 -1.54903e+00 | 65 -0.01524  1.74554e+00 | 66  0.03659 -1.15865e+01
 67  0.02222 -5.26384e+00 | 68  0.03819 -2.57446e+00 | 69  0.01244  2.43822e+00
 70 -3.24989  9.55943e-01 | 71 -0.07072  1.07966e+02 | 72 -0.05505  1.07295e+02
 73 -0.08648  1.04403e+02 | 74 -0.00712  8.35413e+01 | 75  0.00250  6.51126e+01
 76 -0.04749  3.86125e+01 | 77 -0.03858  1.98975e+01 | 78 -0.05854 -1.29753e+01
 79 -0.03318 -2.89593e+01 | 80  0.00048 -3.33035e+01 | 81  0.01668 -4.15598e+01
 82  0.05796 -2.22745e+01 | 83  0.00052 -4.05212e+01 | 84  0.08025 -4.81803e+01
 85 -0.01061 -5.39078e+01 | 86 -0.02670 -5.03395e+01 | 87 -0.00574 -4.02851e+01
 88  0.00771 -2.85669e+01 | 89 -0.00764 -3.24944e+01 | 90 -0.02221 -3.08938e+01
 91  0.01559 -1.78363e+01 | 92  0.00583 -7.61985e+00 | 93  0.02464  6.17121e-01
 94  0.00026  2.34251e+01 | 95 -0.00118  3.56830e+01 | 96  0.00085  4.35991e+01
 97 -0.03231  4.69197e+01 | 98 -0.01121  4.66908e+01 | 99 -0.02381  3.12429e+01
100 -0.03856  1.47930e+01 |101 -0.01563  1.01127e+01 |102  0.01353  1.14550e+01
103  0.02289  7.69747e+00 |104  0.01673 -9.19632e+00 |105  0.00311 -1.61486e+01
106  0.01211 -1.31126e+01 |107  0.03635  5.67695e-01 |108  0.01407 -7.50759e+00
109  0.03696  6.12950e+00 |110  0.02656 -6.13037e+00 |111  0.01008 -2.26223e+01
112  0.00638 -2.79181e+01 |113  0.02226 -2.52748e+01 |114  0.04818 -2.31096e+01
115  0.02874 -3.57766e+01 |116  0.04550 -2.61480e+01 |117  0.03657 -2.35067e+01
118 -0.50442  1.36224e+00 |119 -0.08192 -1.73690e+01 |120 -0.59932 -1.04315e+01
121 -0.27753 -1.65472e+01 |122 -0.44877  1.42296e+00 |123 -0.14851  4.26289e-01
124 -0.40908  2.04878e+00 |125 -0.19163  9.54820e+00 |126 -0.55667 -2.14352e+00
127 -0.50602 -1.39308e+00 |128 -0.37499 -2.12027e-06 |
128 variables; iteration 80; function evaluation 85; phase 3
Function value 3.3439115e+03; maximum gradient component mag -1.0783e+02
Var    Value     Gradient |Var    Value     Gradient |Var    Value     Gradient
  1 11.31248 -5.05172e+00 |  2 -0.06462  3.51955e+01 |  3 -0.02462  1.13217e+01
  4 -0.02636  1.26468e+01 |  5 -0.02812  1.41187e+01 |  6 -0.02958  1.56565e+01
  7 -0.03136  1.70035e+01 |  8 -0.03253  1.82692e+01 |  9 -0.03384  1.93661e+01
 10 -0.03233  2.11608e+01 | 11 -0.03278  2.19884e+01 | 12 -0.03384  2.23357e+01
 13 -0.03471  2.28222e+01 | 14 -0.03382  2.37105e+01 | 15 -0.03508  2.34688e+01
 16 -0.02956  2.75721e+01 | 17 -0.01502  3.14689e+01 | 18 -0.01557  3.30467e+01
 19  0.03597  7.17049e+01 | 20  0.04973  8.73366e+01 | 21  0.04920  3.68702e+01
 22  0.02963 -1.00597e+01 | 23  0.01976 -2.61660e+01 | 24  0.02181 -4.32105e+01
 25  0.02113 -4.81309e+01 | 26  0.04835 -9.08617e+01 | 27  0.02702 -4.84552e+01
 28  0.02276 -4.29002e+01 | 29  0.02424 -4.81303e+01 | 30  0.00871 -2.70780e+01
 31  0.01153 -3.58568e+01 | 32  0.01515 -1.84748e+01 | 33  0.02145 -1.95600e+00
 34 -0.01319 -1.31735e+01 | 35 -0.00934 -2.40945e+01 | 36  0.01440  2.74085e+00
 37 -0.00669 -2.04997e+00 | 38  0.00593  2.75242e+01 | 39  0.02421  1.30428e+01
 40  0.00147  2.02811e+01 | 41  0.01975  3.59343e+01 | 42  0.01053  5.22059e+00
 43  0.02460 -2.61817e+01 | 44  0.01374  2.19868e+01 | 45  0.01387  1.48020e+01
 46 -0.01315 -1.26671e+01 | 47 -0.00664  1.43363e+01 | 48 -0.00607  1.06806e+01
 49  0.00003  1.89638e+01 | 50  0.00560  2.03982e+00 | 51  0.00670  3.10257e+00
 52  0.00753 -9.73579e+00 | 53  0.02839 -8.80034e+01 | 54  0.03466 -1.07828e+02
 55 -0.00424  1.46191e+00 | 56  0.00783 -7.32811e+00 | 57  0.00484  7.19055e+00
 58 -0.02552 -5.35220e+00 | 59 -0.01515 -2.91247e+01 | 60 -0.03240 -4.41358e+00
 61  0.00617 -8.55342e-01 | 62 -0.01923 -1.37717e+01 | 63 -0.03070 -7.06239e-01
 64 -0.01164 -2.50166e+00 | 65 -0.01519  1.26524e+00 | 66  0.03669 -9.77107e+00
 67  0.02239 -3.09724e+00 | 68  0.03903 -1.37416e+00 | 69  0.00783 -3.10289e+00
 70 -3.24960 -1.24083e+00 | 71 -0.07090  9.58915e+01 | 72 -0.05533  6.98884e+01
 73 -0.08655  8.70714e+01 | 74 -0.00713  6.65242e+01 | 75  0.00255  5.18798e+01
 76 -0.04743  2.61762e+01 | 77 -0.03843  2.24890e+01 | 78 -0.05836 -6.58872e-01
 79 -0.03308 -2.57464e+01 | 80  0.00051 -3.49761e+01 | 81  0.01679 -3.07036e+01
 82  0.05800 -2.21110e+01 | 83  0.00058 -3.31600e+01 | 84  0.08033 -4.02732e+01
 85 -0.01056 -4.59327e+01 | 86 -0.02665 -4.14218e+01 | 87 -0.00562 -2.10774e+01
 88  0.00769 -2.96380e+01 | 89 -0.00768 -3.41077e+01 | 90 -0.02234 -4.60354e+01
 91  0.01575  1.02026e+01 | 92  0.00588  4.27930e+00 | 93  0.02462  2.87930e+00
 94  0.00022  2.22893e+01 | 95 -0.00127  2.61650e+01 | 96  0.00071  2.56370e+01
 97 -0.03245  2.83854e+01 | 98 -0.01126  4.34494e+01 | 99 -0.02380  3.55303e+01
100 -0.03854  2.06850e+01 |101 -0.01568  4.75283e+00 |102  0.01350  7.84511e+00
103  0.02276 -1.14539e+01 |104  0.01676 -4.42907e+00 |105  0.00310 -1.75280e+01
106  0.01215 -7.98879e+00 |107  0.03639  3.98956e+00 |108  0.01409 -4.70422e+00
109  0.03695  5.79382e+00 |110  0.02654 -7.20777e+00 |111  0.01008 -1.86402e+01
112  0.00638 -2.25372e+01 |113  0.02230 -1.18406e+01 |114  0.04815 -1.87798e+01
115  0.02872 -2.71033e+01 |116  0.04540 -2.67686e+01 |117  0.03653 -1.48197e+01
118 -0.50489  7.79171e-01 |119 -0.08170 -1.32961e+01 |120 -0.60040 -9.94286e+00
121 -0.27650 -1.02145e+01 |122 -0.44958  8.15869e-01 |123 -0.14782  3.47930e+00
124 -0.41000 -1.32443e+00 |125 -0.19129  6.67054e+00 |126 -0.55385 -8.51764e-01
127 -0.50764 -2.00928e+00 |128 -0.37499 -2.12026e-06 |
128 variables; iteration 100; function evaluation 113; phase 3
Function value 3.3435582e+03; maximum gradient component mag 3.4535e+01
Var    Value     Gradient |Var    Value     Gradient |Var    Value     Gradient
  1 11.31282 -5.90729e-01 |  2 -0.06470  7.64906e+00 |  3 -0.02300  3.85324e+00
  4 -0.02547  3.24604e+00 |  5 -0.02792  2.80013e+00 |  6 -0.02990  2.62787e+00
  7 -0.03204  2.60839e+00 |  8 -0.03335  2.79824e+00 |  9 -0.03472  3.01811e+00
 10 -0.03298  3.61050e+00 | 11 -0.03322  3.93979e+00 | 12 -0.03408  4.10649e+00
 13 -0.03491  4.18150e+00 | 14 -0.03393  4.33686e+00 | 15 -0.03540  4.08428e+00
 16 -0.03072  4.23119e+00 | 17 -0.01442  8.34795e+00 | 18 -0.01706  5.95076e+00
 19  0.03574  1.78187e+01 | 20  0.04934  3.42671e+01 | 21  0.04838 -2.15059e+00
 22  0.03010  4.97009e+00 | 23  0.02007 -3.93323e+00 | 24  0.02240 -5.46948e+00
 25  0.02170 -5.96953e+00 | 26  0.04837 -2.83438e+01 | 27  0.02708 -1.22872e+01
 28  0.02292 -8.96048e+00 | 29  0.02443 -1.34793e+01 | 30  0.00863 -1.49852e+01
 31  0.01190 -4.36008e+00 | 32  0.01527 -1.22057e+00 | 33  0.02133 -3.09604e+00
 34 -0.01299 -5.30712e+00 | 35 -0.00884 -4.25804e+00 | 36  0.01439 -4.61923e-01
 37 -0.00664 -3.86900e+00 | 38  0.00577  1.06215e+01 | 39  0.02418 -1.55590e-01
 40  0.00141  1.06851e+01 | 41  0.01950  6.86564e+00 | 42  0.01047 -8.56554e-01
 43  0.02471 -9.34032e+00 | 44  0.01346  3.66869e+00 | 45  0.01363  2.48382e+00
 46 -0.01325 -1.15053e+01 | 47 -0.00703  1.16448e-01 | 48 -0.00644 -2.46872e+00
 49 -0.00038  2.09565e+00 | 50  0.00537 -1.68157e+00 | 51  0.00644 -1.01498e+00
 52  0.00736 -4.41887e+00 | 53  0.02860 -2.36927e+01 | 54  0.03491 -2.69011e+01
 55 -0.00394  3.45349e+01 | 56  0.00757 -7.69240e+00 | 57  0.00444 -2.71543e+00
 58 -0.02505  1.76287e+01 | 59 -0.01497 -1.12193e+01 | 60 -0.03226  4.86387e+00
 61  0.00581 -9.14625e+00 | 62 -0.01903 -3.86844e+00 | 63 -0.03082 -5.53560e-01
 64 -0.01176 -2.83309e+00 | 65 -0.01538 -1.23279e-01 | 66  0.03729  6.92919e+00
 67  0.02270 -7.07672e-01 | 68  0.03894 -1.44117e-01 | 69  0.01191  5.06607e-01
 70 -3.24811  1.25246e+00 | 71 -0.07125  1.14311e+01 | 72 -0.05539  2.38934e+01
 73 -0.08674  1.90160e+01 | 74 -0.00712  2.56743e+01 | 75  0.00251  6.94885e+00
 76 -0.04734  6.87725e+00 | 77 -0.03846 -6.05125e+00 | 78 -0.05829 -4.09012e+00
 79 -0.03294 -9.85257e+00 | 80  0.00068 -1.09767e+01 | 81  0.01692 -7.58018e+00
 82  0.05811 -5.48552e+00 | 83  0.00066 -1.00869e+01 | 84  0.08052 -1.11063e+01
 85 -0.01039 -6.45328e+00 | 86 -0.02658 -1.46697e+01 | 87 -0.00567 -9.73079e+00
 88  0.00771 -5.63148e+00 | 89 -0.00764 -5.57962e+00 | 90 -0.02218  2.62085e+00
 91  0.01538 -1.75102e+01 | 92  0.00565 -2.93327e+00 | 93  0.02439 -3.01834e+00
 94 -0.00005  7.64343e+00 | 95 -0.00156  8.28928e+00 | 96  0.00044  9.04708e+00
 97 -0.03273  8.21450e+00 | 98 -0.01168 -1.61428e+00 | 99 -0.02409  7.23140e+00
100 -0.03872  3.80969e+00 |101 -0.01574  5.94713e-01 |102  0.01356  1.56717e+01
103  0.02299  1.59723e+01 |104  0.01671 -2.20408e+01 |105  0.00330  1.89193e+00
106  0.01233  9.43423e+00 |107  0.03645  5.02942e+00 |108  0.01411 -5.79666e+00
109  0.03701  1.11139e+01 |110  0.02661  1.18554e+00 |111  0.01019 -2.02252e+00
112  0.00650 -4.86761e+00 |113  0.02233 -8.70092e+00 |114  0.04831  8.04645e-01
115  0.02883 -1.47595e+01 |116  0.04565  5.25062e+00 |117  0.03663 -1.20879e+00
118 -0.50565  4.46498e-01 |119 -0.08165 -2.61297e+00 |120 -0.59720 -1.38608e+00
121 -0.27851 -4.34845e+00 |122 -0.44907 -1.65422e+00 |123 -0.14846 -3.25825e+00
124 -0.40851  8.49653e-01 |125 -0.19210  6.01440e-01 |126 -0.55237 -1.65491e-01
127 -0.50285 -2.99470e-01 |128 -0.37499 -2.12026e-06 |
128 variables; iteration 120; function evaluation 150; phase 3
Function value 3.3434902e+03; maximum gradient component mag 1.6518e+00
Var    Value     Gradient |Var    Value     Gradient |Var    Value     Gradient
  1 11.31337  5.95496e-02 |  2 -0.06492  2.88436e-01 |  3 -0.02359  2.74561e-01
  4 -0.02564  2.50314e-01 |  5 -0.02786  8.88743e-02 |  6 -0.02960  2.36421e-01
  7 -0.03180  1.46344e-02 |  8 -0.03315 -5.42485e-02 |  9 -0.03439  2.95187e-01
 10 -0.03284  1.23906e-01 | 11 -0.03325 -1.24493e-01 | 12 -0.03402  4.69394e-02
 13 -0.03479  1.38214e-01 | 14 -0.03384 -3.77009e-02 | 15 -0.03512  2.57355e-01
 16 -0.03034  2.49250e-01 | 17 -0.01471  3.44090e-01 | 18 -0.01704  2.47733e-01
 19  0.03565  8.74491e-01 | 20  0.04853  1.65178e+00 | 21  0.04868  1.75358e-01
 22  0.02980  2.91610e-01 | 23  0.02008 -9.43160e-02 | 24  0.02234 -1.50369e-01
 25  0.02156 -1.82355e-01 | 26  0.04858 -9.13986e-01 | 27  0.02708 -4.07039e-01
 28  0.02288 -3.08774e-01 | 29  0.02449 -4.81447e-01 | 30  0.00883 -5.65742e-01
 31  0.01188 -2.05048e-01 | 32  0.01523 -1.39177e-01 | 33  0.02134 -2.73821e-01
 34 -0.01287 -2.57071e-01 | 35 -0.00875 -2.10953e-01 | 36  0.01441 -5.08361e-02
 37 -0.00652 -1.62966e-01 | 38  0.00565  3.89407e-01 | 39  0.02424  2.41615e-02
 40  0.00129  3.64559e-01 | 41  0.01948  1.99138e-01 | 42  0.01052 -8.36577e-02
 43  0.02482 -4.14391e-01 | 44  0.01344  8.16412e-02 | 45  0.01362  2.67659e-02
 46 -0.01301 -4.58681e-01 | 47 -0.00704 -3.38299e-02 | 48 -0.00641 -1.04665e-01
 49 -0.00042  9.42229e-02 | 50  0.00537 -2.11986e-02 | 51  0.00643 -3.19757e-02
 52  0.00739 -2.02431e-01 | 53  0.02873 -1.21660e+00 | 54  0.03504 -8.52148e-01
 55 -0.00453  1.28764e+00 | 56  0.00765 -2.57828e-01 | 57  0.00446 -5.95756e-02
 58 -0.02559  6.65504e-01 | 59 -0.01472 -3.86391e-01 | 60 -0.03246  1.66197e-01
 61  0.00594 -3.10114e-01 | 62 -0.01891 -1.58658e-01 | 63 -0.03080 -5.53887e-02
 64 -0.01160 -1.41992e-01 | 65 -0.01534 -4.53170e-02 | 66  0.03705  2.31535e-01
 67  0.02297  1.00096e-01 | 68  0.03886 -2.90581e-01 | 69  0.01149 -8.26207e-02
 70 -3.24830  1.46906e-01 | 71 -0.07136  4.79694e-01 | 72 -0.05554  7.07844e-01
 73 -0.08679  9.09182e-01 | 74 -0.00718  7.41370e-01 | 75  0.00261  1.08798e+00
 76 -0.04724  2.23385e-01 | 77 -0.03828 -4.76172e-01 | 78 -0.05812  2.61977e-02
 79 -0.03276 -8.00944e-01 | 80  0.00086  1.50000e-01 | 81  0.01707 -3.95243e-01
 82  0.05824 -2.06278e-01 | 83  0.00080 -3.78988e-01 | 84  0.08067 -5.52446e-01
 85 -0.01029 -8.53714e-03 | 86 -0.02643  7.06371e-01 | 87 -0.00558 -1.09339e+00
 88  0.00777 -7.76525e-01 | 89 -0.00759 -4.57281e-01 | 90 -0.02218  3.21293e-01
 91  0.01549 -1.34698e+00 | 92  0.00566  2.39912e-01 | 93  0.02440  4.28050e-01
 94 -0.00013  4.75670e-02 | 95 -0.00164  7.58461e-01 | 96  0.00034 -7.83053e-01
 97 -0.03282  7.52806e-01 | 98 -0.01172 -3.45746e-01 | 99 -0.02418  1.21461e+00
100 -0.03880  5.53514e-01 |101 -0.01581 -1.46567e+00 |102  0.01339 -3.61783e-01
103  0.02283  1.16780e+00 |104  0.01679 -5.36434e-01 |105  0.00322  1.32680e+00
106  0.01219 -2.07443e-01 |107  0.03633 -6.77615e-01 |108  0.01406 -5.65643e-02
109  0.03687  1.26514e+00 |110  0.02652 -8.47957e-01 |111  0.01014 -3.20653e-01
112  0.00646 -1.46549e+00 |113  0.02234  1.62621e+00 |114  0.04825  1.58745e-01
115  0.02885 -1.26528e+00 |116  0.04554  2.96380e-01 |117  0.03656  1.97309e-01
118 -0.50564  4.54128e-02 |119 -0.08199 -1.93524e-01 |120 -0.59717 -5.41728e-02
121 -0.27846 -2.43548e-01 |122 -0.44936 -1.85112e-01 |123 -0.14798 -5.33030e-02
124 -0.40902 -1.74290e-02 |125 -0.19179  4.29907e-02 |126 -0.55218 -6.07355e-03
127 -0.50220 -1.13476e-02 |128 -0.37498 -2.12021e-06 |

 - final statistics:
128 variables; iteration 134; function evaluation 176
Function value 3.3435e+03; maximum gradient component mag 3.0359e-04
Exit code = 1;  converg criter 1.0000e-03
Var    Value     Gradient |Var    Value     Gradient |Var    Value     Gradient
  1 11.31340  2.00532e-04 |  2 -0.06492  5.48303e-05 |  3 -0.02370 -4.25413e-05
  4 -0.02573 -4.00171e-05 |  5 -0.02786 -4.67256e-05 |  6 -0.02967 -4.01235e-05
  7 -0.03175 -7.48502e-05 |  8 -0.03307 -8.55827e-05 |  9 -0.03448 -2.12369e-04
 10 -0.03283  6.46817e-05 | 11 -0.03312 -8.67533e-05 | 12 -0.03398 -2.29632e-07
 13 -0.03478 -6.76887e-05 | 14 -0.03375 -5.15502e-05 | 15 -0.03516 -4.66151e-05
 16 -0.03035 -1.92681e-05 | 17 -0.01472  9.58801e-05 | 18 -0.01704 -3.43654e-05
 19  0.03564  1.39794e-04 | 20  0.04850  3.03589e-04 | 21  0.04869  2.61552e-04
 22  0.02979  1.25922e-04 | 23  0.02008  8.07807e-05 | 24  0.02233  7.37453e-05
 25  0.02155  5.97100e-05 | 26  0.04858  1.04110e-04 | 27  0.02708  3.18369e-05
 28  0.02288  1.81232e-05 | 29  0.02449  2.03513e-06 | 30  0.00884 -2.48532e-05
 31  0.01188 -1.92676e-05 | 32  0.01523 -2.40056e-05 | 33  0.02134 -1.61690e-05
 34 -0.01286 -2.37719e-05 | 35 -0.00875 -1.48698e-05 | 36  0.01441 -3.10594e-05
 37 -0.00652 -2.88153e-05 | 38  0.00565 -1.15538e-05 | 39  0.02424  2.96170e-05
 40  0.00129 -1.80714e-05 | 41  0.01948  4.30749e-05 | 42  0.01052  1.72027e-05
 43  0.02482  2.35105e-05 | 44  0.01344  2.77009e-06 | 45  0.01361  4.99425e-06
 46 -0.01300 -7.26243e-05 | 47 -0.00704 -4.77924e-05 | 48 -0.00641 -3.87579e-05
 49 -0.00042 -2.79773e-06 | 50  0.00537 -1.03442e-06 | 51  0.00643  1.91963e-05
 52  0.00739  3.79742e-05 | 53  0.02874  4.93260e-05 | 54  0.03505  1.20227e-04
 55 -0.00455 -2.41918e-06 | 56  0.00765  3.90932e-05 | 57  0.00446  1.47205e-05
 58 -0.02561 -3.08202e-05 | 59 -0.01471 -2.43948e-05 | 60 -0.03247 -4.90935e-05
 61  0.00595 -8.18700e-05 | 62 -0.01890 -5.05383e-05 | 63 -0.03080 -4.78899e-05
 64 -0.01159 -3.95725e-05 | 65 -0.01533 -3.37886e-05 | 66  0.03705 -2.98779e-05
 67  0.02291 -5.35280e-05 | 68  0.03897 -9.49614e-05 | 69  0.01151 -6.82727e-05
 70 -3.24831  1.84733e-04 | 71 -0.07137 -2.02725e-05 | 72 -0.05555 -1.31103e-05
 73 -0.08680  1.64717e-05 | 74 -0.00719  2.35004e-05 | 75  0.00261  7.65476e-05
 76 -0.04723  1.20159e-04 | 77 -0.03827  2.20447e-06 | 78 -0.05812  9.64553e-05
 79 -0.03275  1.81166e-05 | 80  0.00087  3.42711e-07 | 81  0.01707 -3.31854e-05
 82  0.05824 -2.75401e-05 | 83  0.00080  1.71902e-05 | 84  0.08068 -4.52059e-05
 85 -0.01028  5.14236e-05 | 86 -0.02644  1.80501e-05 | 87 -0.00557  3.27657e-05
 88  0.00777  1.51162e-05 | 89 -0.00759 -1.89252e-06 | 90 -0.02219  1.05513e-05
 91  0.01550 -1.50782e-05 | 92  0.00566 -3.10704e-05 | 93  0.02439 -1.89578e-05
 94 -0.00013 -5.14231e-05 | 95 -0.00165 -7.11529e-06 | 96  0.00034  1.61703e-06
 97 -0.03283  1.43722e-05 | 98 -0.01172 -1.77137e-05 | 99 -0.02419  8.65950e-06
100 -0.03880  2.44808e-05 |101 -0.01581 -5.45013e-05 |102  0.01339 -1.62978e-05
103  0.02282 -4.37363e-05 |104  0.01679 -5.58400e-05 |105  0.00321 -4.60972e-05
106  0.01218 -1.37263e-04 |107  0.03633 -6.32698e-05 |108  0.01406 -2.20858e-05
109  0.03686  1.90180e-05 |110  0.02653  9.80203e-07 |111  0.01014  6.25628e-05
112  0.00647  3.22600e-06 |113  0.02233  7.29746e-05 |114  0.04824  4.71086e-05
115  0.02886 -1.15403e-06 |116  0.04553  4.93934e-06 |117  0.03655 -1.55732e-05
118 -0.50565 -3.48261e-05 |119 -0.08199  4.69405e-05 |120 -0.59718  4.92833e-05
121 -0.27845 -2.92152e-06 |122 -0.44932 -3.65202e-05 |123 -0.14799  6.37386e-05
124 -0.40902 -2.74026e-05 |125 -0.19179  2.45834e-05 |126 -0.55217 -1.16407e-04
127 -0.50217 -6.79559e-05 |128 -0.37497 -2.12016e-06 |
Estimating row 1 out of 128 for hessian
Estimating row 2 out of 128 for hessian
Estimating row 3 out of 128 for hessian
Estimating row 4 out of 128 for hessian
Estimating row 5 out of 128 for hessian
Estimating row 6 out of 128 for hessian
Estimating row 7 out of 128 for hessian
Estimating row 8 out of 128 for hessian
Estimating row 9 out of 128 for hessian
Estimating row 10 out of 128 for hessian
Estimating row 11 out of 128 for hessian
Estimating row 12 out of 128 for hessian
Estimating row 13 out of 128 for hessian
Estimating row 14 out of 128 for hessian
Estimating row 15 out of 128 for hessian
Estimating row 16 out of 128 for hessian
Estimating row 17 out of 128 for hessian
Estimating row 18 out of 128 for hessian
Estimating row 19 out of 128 for hessian
Estimating row 20 out of 128 for hessian
Estimating row 21 out of 128 for hessian
Estimating row 22 out of 128 for hessian
Estimating row 23 out of 128 for hessian
Estimating row 24 out of 128 for hessian
Estimating row 25 out of 128 for hessian
Estimating row 26 out of 128 for hessian
Estimating row 27 out of 128 for hessian
Estimating row 28 out of 128 for hessian
Estimating row 29 out of 128 for hessian
Estimating row 30 out of 128 for hessian
Estimating row 31 out of 128 for hessian
Estimating row 32 out of 128 for hessian
Estimating row 33 out of 128 for hessian
Estimating row 34 out of 128 for hessian
Estimating row 35 out of 128 for hessian
Estimating row 36 out of 128 for hessian
Estimating row 37 out of 128 for hessian
Estimating row 38 out of 128 for hessian
Estimating row 39 out of 128 for hessian
Estimating row 40 out of 128 for hessian
Estimating row 41 out of 128 for hessian
Estimating row 42 out of 128 for hessian
Estimating row 43 out of 128 for hessian
Estimating row 44 out of 128 for hessian
Estimating row 45 out of 128 for hessian
Estimating row 46 out of 128 for hessian
Estimating row 47 out of 128 for hessian
Estimating row 48 out of 128 for hessian
Estimating row 49 out of 128 for hessian
Estimating row 50 out of 128 for hessian
Estimating row 51 out of 128 for hessian
Estimating row 52 out of 128 for hessian
Estimating row 53 out of 128 for hessian
Estimating row 54 out of 128 for hessian
Estimating row 55 out of 128 for hessian
Estimating row 56 out of 128 for hessian
Estimating row 57 out of 128 for hessian
Estimating row 58 out of 128 for hessian
Estimating row 59 out of 128 for hessian
Estimating row 60 out of 128 for hessian
Estimating row 61 out of 128 for hessian
Estimating row 62 out of 128 for hessian
Estimating row 63 out of 128 for hessian
Estimating row 64 out of 128 for hessian
Estimating row 65 out of 128 for hessian
Estimating row 66 out of 128 for hessian
Estimating row 67 out of 128 for hessian
Estimating row 68 out of 128 for hessian
Estimating row 69 out of 128 for hessian
Estimating row 70 out of 128 for hessian
Estimating row 71 out of 128 for hessian
Estimating row 72 out of 128 for hessian
Estimating row 73 out of 128 for hessian
Estimating row 74 out of 128 for hessian
Estimating row 75 out of 128 for hessian
Estimating row 76 out of 128 for hessian
Estimating row 77 out of 128 for hessian
Estimating row 78 out of 128 for hessian
Estimating row 79 out of 128 for hessian
Estimating row 80 out of 128 for hessian
Estimating row 81 out of 128 for hessian
Estimating row 82 out of 128 for hessian
Estimating row 83 out of 128 for hessian
Estimating row 84 out of 128 for hessian
Estimating row 85 out of 128 for hessian
Estimating row 86 out of 128 for hessian
Estimating row 87 out of 128 for hessian
Estimating row 88 out of 128 for hessian
Estimating row 89 out of 128 for hessian
Estimating row 90 out of 128 for hessian
Estimating row 91 out of 128 for hessian
Estimating row 92 out of 128 for hessian
Estimating row 93 out of 128 for hessian
Estimating row 94 out of 128 for hessian
Estimating row 95 out of 128 for hessian
Estimating row 96 out of 128 for hessian
Estimating row 97 out of 128 for hessian
Estimating row 98 out of 128 for hessian
Estimating row 99 out of 128 for hessian
Estimating row 100 out of 128 for hessian
Estimating row 101 out of 128 for hessian
Estimating row 102 out of 128 for hessian
Estimating row 103 out of 128 for hessian
Estimating row 104 out of 128 for hessian
Estimating row 105 out of 128 for hessian
Estimating row 106 out of 128 for hessian
Estimating row 107 out of 128 for hessian
Estimating row 108 out of 128 for hessian
Estimating row 109 out of 128 for hessian
Estimating row 110 out of 128 for hessian
Estimating row 111 out of 128 for hessian
Estimating row 112 out of 128 for hessian
Estimating row 113 out of 128 for hessian
Estimating row 114 out of 128 for hessian
Estimating row 115 out of 128 for hessian
Estimating row 116 out of 128 for hessian
Estimating row 117 out of 128 for hessian
Estimating row 118 out of 128 for hessian
Estimating row 119 out of 128 for hessian
Estimating row 120 out of 128 for hessian
Estimating row 121 out of 128 for hessian
Estimating row 122 out of 128 for hessian
Estimating row 123 out of 128 for hessian
Estimating row 124 out of 128 for hessian
Estimating row 125 out of 128 for hessian
Estimating row 126 out of 128 for hessian
Estimating row 127 out of 128 for hessian
Estimating row 128 out of 128 for hessian
size of file gradfil1.tmp = 0
size of file gradfil2.tmp = 0
size of file varssave.tmp = 0
size of file cmpdiff.tmp = 4000016
